

Microchip MPLAB XC8 Assembler V2.31 build 20201012212115 
                                                                                               Thu Mar 11 02:51:06 2021

Microchip MPLAB XC8 C Compiler v2.31 (Free license) build 20201012212115 Og1 
     1                           	processor	18F27Q43
     2                           	fnconf	rparam,??,?,0
     3                           	pagewidth 120
     4                           	opt	flic
     5                           	psect	idataCOMRAM,global,class=CODE,delta=1,noexec
     6                           	psect	cinit,global,reloc=2,class=CODE,delta=1
     7                           	psect	bssCOMRAM,global,class=COMRAM,space=1,delta=1,lowdata,noexec
     8                           	psect	dataCOMRAM,global,class=COMRAM,space=1,delta=1,lowdata,noexec
     9                           	psect	cstackCOMRAM,global,class=COMRAM,space=1,delta=1,lowdata,noexec
    10                           	psect	text0,global,reloc=2,class=CODE,delta=1
    11                           	psect	text1,global,reloc=2,class=CODE,delta=1
    12                           	psect	text2,global,reloc=2,class=CODE,delta=1
    13                           	psect	text3,global,reloc=2,class=CODE,delta=1
    14                           	psect	text4,global,reloc=2,class=CODE,delta=1
    15                           	psect	text5,global,reloc=2,class=CODE,delta=1
    16                           	psect	text6,global,reloc=2,class=CODE,delta=1
    17                           	psect	text7,global,reloc=2,class=CODE,delta=1
    18                           	psect	intsave_regs,global,class=BIGRAM,space=1,delta=1,noexec
    19                           	psect	rparam,global,class=COMRAM,space=1,delta=1,noexec
    20                           	psect	idloc,global,abs,ovrld,class=IDLOC,space=5,delta=1,noexec
    21                           	psect	config,global,abs,ovrld,class=CONFIG,space=4,delta=1,noexec
    22  0000                     
    23                           ; Version 2.30
    24                           ; Generated 20/08/2020 GMT
    25                           ; 
    26                           ; Copyright © 2020, Microchip Technology Inc. and its subsidiaries ("Microchip")
    27                           ; All rights reserved.
    28                           ; 
    29                           ; This software is developed by Microchip Technology Inc. and its subsidiaries ("Microch
      +                          ip").
    30                           ; 
    31                           ; Redistribution and use in source and binary forms, with or without modification, are
    32                           ; permitted provided that the following conditions are met:
    33                           ; 
    34                           ;     1. Redistributions of source code must retain the above copyright notice, this lis
      +                          t of
    35                           ;        conditions and the following disclaimer.
    36                           ; 
    37                           ;     2. Redistributions in binary form must reproduce the above copyright notice, this 
      +                          list
    38                           ;        of conditions and the following disclaimer in the documentation and/or other
    39                           ;        materials provided with the distribution. Publication is not required when
    40                           ;        this file is used in an embedded application.
    41                           ; 
    42                           ;     3. Microchip's name may not be used to endorse or promote products derived from th
      +                          is
    43                           ;        software without specific prior written permission.
    44                           ; 
    45                           ; THIS SOFTWARE IS PROVIDED BY MICROCHIP "AS IS" AND ANY EXPRESS OR IMPLIED WARRANTIES,
    46                           ; INCLUDING, BUT NOT LIMITED TO, THE IMPLIED WARRANTIES OF MERCHANTABILITY AND FITNESS F
      +                          OR
    47                           ; PURPOSE ARE DISCLAIMED.  IN NO EVENT SHALL MICROCHIP BE LIABLE FOR ANY DIRECT, INDIREC
      +                          T,
    48                           ; INCIDENTAL, SPECIAL, EXEMPLARY, OR CONSEQUENTIAL DAMAGES (INCLUDING BUT NOT LIMITED TO
    49                           ; PROCUREMENT OF SUBSTITUTE GOODS OR SERVICES; LOSS OF USE, DATA OR PROFITS; OR BUSINESS
    50                           ; INTERRUPTION) HOWSOEVER CAUSED AND ON ANY THEORY OF LIABILITY, WHETHER IN CONTRACT, ST
      +                          RICT
    51                           ; LIABILITY, OR TORT (INCLUDING NEGLIGENCE OR OTHERWISE) ARISING IN ANY WAY OUT OF THE U
      +                          SE OF
    52                           ; THIS SOFTWARE, EVEN IF ADVISED OF THE POSSIBILITY OF SUCH DAMAGE.
    53                           ; 
    54                           ; 
    55                           ; Code-generator required, PIC18F27Q43 Definitions
    56                           ; 
    57                           ; SFR Addresses
    58  0000                     
    59                           	psect	idataCOMRAM
    60  01FEB8                     __pidataCOMRAM:
    61                           	callstack 0
    62                           
    63                           ;initializer for UserAppRun@F15927
    64  01FEB8  01                 	db	1
    65  01FEB9  02                 	db	2
    66  01FEBA  04                 	db	4
    67  01FEBB  08                 	db	8
    68  01FEBC  10                 	db	16
    69  01FEBD  20                 	db	32
    70  0000                     _TMR0H	set	793
    71  0000                     _TMR0L	set	792
    72  0000                     _T0CON1	set	795
    73  0000                     _T0CON0	set	794
    74  0000                     _ANSELA	set	1024
    75  0000                     _PIR3	set	1201
    76  0000                     _TRISA	set	1222
    77  0000                     _LATA	set	1214
    78                           
    79                           ; #config settings
    80                           
    81                           	psect	cinit
    82  01FF1C                     __pcinit:
    83                           	callstack 0
    84  01FF1C                     start_initialization:
    85                           	callstack 0
    86  01FF1C                     __initialization:
    87                           	callstack 0
    88                           
    89                           ; Initialize objects allocated to COMRAM (6 bytes)
    90                           ; load TBLPTR registers with __pidataCOMRAM
    91  01FF1C  0EB8               	movlw	low __pidataCOMRAM
    92  01FF1E  6EF6               	movwf	tblptrl,c
    93  01FF20  0EFE               	movlw	high __pidataCOMRAM
    94  01FF22  6EF7               	movwf	tblptrh,c
    95  01FF24  0E01               	movlw	low (__pidataCOMRAM shr (0+16))
    96  01FF26  6EF8               	movwf	tblptru,c
    97  01FF28  EE01  F118         	lfsr	0,__pdataCOMRAM
    98  01FF2C  EE10 F006          	lfsr	1,6
    99  01FF30                     copy_data0:
   100  01FF30  0009               	tblrd		*+
   101  01FF32  C4F5 F4EE          	movff	tablat,postinc0
   102  01FF36  50E5               	movf	postdec1,w,c
   103  01FF38  50E1               	movf	fsr1l,w,c
   104  01FF3A  E1FA               	bnz	copy_data0
   105                           
   106                           ; Clear objects allocated to COMRAM (16 bytes)
   107  01FF3C  EE01  F101         	lfsr	0,__pbssCOMRAM
   108  01FF40  0E10               	movlw	16
   109  01FF42                     clear_0:
   110  01FF42  6AEE               	clrf	postinc0,c
   111  01FF44  06E8               	decf	wreg,f,c
   112  01FF46  E1FD               	bnz	clear_0
   113  01FF48                     end_of_initialization:
   114                           	callstack 0
   115  01FF48                     __end_of__initialization:
   116                           	callstack 0
   117  01FF48  0100               	movlb	0
   118  01FF4A  EFA7  F0FF         	goto	_main	;jump to C main() function
   119                           
   120                           	psect	bssCOMRAM
   121  000501                     __pbssCOMRAM:
   122                           	callstack 0
   123  000501                     _G_u32SystemFlags:
   124                           	callstack 0
   125  000501                     	ds	4
   126  000505                     _G_u32SystemTime1s:
   127                           	callstack 0
   128  000505                     	ds	4
   129  000509                     _G_u32SystemTime1ms:
   130                           	callstack 0
   131  000509                     	ds	4
   132  00050D                     UserAppRun@u16Counter:
   133                           	callstack 0
   134  00050D                     	ds	2
   135  00050F                     UserAppRun@LEDindex:
   136                           	callstack 0
   137  00050F                     	ds	1
   138  000510                     _G_u8UserAppFlags:
   139                           	callstack 0
   140  000510                     	ds	1
   141                           
   142                           	psect	dataCOMRAM
   143  000518                     __pdataCOMRAM:
   144                           	callstack 0
   145  000518                     UserAppRun@F15927:
   146                           	callstack 0
   147  000518                     	ds	6
   148                           
   149                           	psect	cstackCOMRAM
   150  000511                     __pcstackCOMRAM:
   151                           	callstack 0
   152  000511                     TimeXus@u16usecs:
   153                           	callstack 0
   154  000511                     UserAppRun@au8Pattern:
   155                           	callstack 0
   156                           
   157                           ; 6 bytes @ 0x0
   158  000511                     	ds	2
   159  000513                     TimeXus@u16Timer:
   160                           	callstack 0
   161                           
   162                           ; 2 bytes @ 0x2
   163  000513                     	ds	4
   164  000517                     UserAppRun@u8Temp:
   165                           	callstack 0
   166                           
   167                           ; 1 bytes @ 0x6
   168  000517                     	ds	1
   169  000518                     
   170                           ; 1 bytes @ 0x7
   171 ;;
   172 ;;Main: autosize = 0, tempsize = 0, incstack = 0, save=0
   173 ;;
   174 ;; *************** function _main *****************
   175 ;; Defined at:
   176 ;;		line 35 in file "main.c"
   177 ;; Parameters:    Size  Location     Type
   178 ;;		None
   179 ;; Auto vars:     Size  Location     Type
   180 ;;		None
   181 ;; Return value:  Size  Location     Type
   182 ;;                  1    wreg      void 
   183 ;; Registers used:
   184 ;;		wreg, fsr1l, fsr1h, fsr2l, fsr2h, status,2, status,0, cstack
   185 ;; Tracked objects:
   186 ;;		On entry : 0/0
   187 ;;		On exit  : 0/0
   188 ;;		Unchanged: 0/0
   189 ;; Data sizes:     COMRAM   BANK5   BANK6   BANK7   BANK8   BANK9  BANK10  BANK11  BANK12  BANK13  BANK14  BANK15  BANK1
      +6  BANK17  BANK18  BANK19  BANK20  BANK21  BANK22  BANK23  BANK24  BANK25  BANK26  BANK27  BANK28  BANK29  BANK30  BANK3
      +1  BANK32  BANK33  BANK34  BANK35  BANK36  BANK37
   190 ;;      Params:         0       0       0       0       0       0       0       0       0       0       0       0       
      +0       0       0       0       0       0       0       0       0       0       0       0       0       0       0       
      +0       0       0       0       0       0       0
   191 ;;      Locals:         0       0       0       0       0       0       0       0       0       0       0       0       
      +0       0       0       0       0       0       0       0       0       0       0       0       0       0       0       
      +0       0       0       0       0       0       0
   192 ;;      Temps:          0       0       0       0       0       0       0       0       0       0       0       0       
      +0       0       0       0       0       0       0       0       0       0       0       0       0       0       0       
      +0       0       0       0       0       0       0
   193 ;;      Totals:         0       0       0       0       0       0       0       0       0       0       0       0       
      +0       0       0       0       0       0       0       0       0       0       0       0       0       0       0       
      +0       0       0       0       0       0       0
   194 ;;Total ram usage:        0 bytes
   195 ;; Hardware stack levels required when called:    1
   196 ;; This function calls:
   197 ;;		_ClockSetup
   198 ;;		_GpioSetup
   199 ;;		_SysTickSetup
   200 ;;		_SystemSleep
   201 ;;		_TimeXus
   202 ;;		_UserAppInitialize
   203 ;;		_UserAppRun
   204 ;; This function is called by:
   205 ;;		Startup code after reset
   206 ;; This function uses a non-reentrant model
   207 ;;
   208                           
   209                           	psect	text0
   210  01FF4E                     __ptext0:
   211                           	callstack 0
   212  01FF4E                     _main:
   213                           	callstack 127
   214  01FF4E                     
   215                           ;main.c: 37:   G_u32SystemFlags |= (u32)0x80000000;
   216  01FF4E  8E04               	bsf	(_G_u32SystemFlags+3)^(0+1280),7,c	;volatile
   217  01FF50                     
   218                           ;main.c: 40:   ClockSetup();
   219  01FF50  EC5A  F0FF         	call	_ClockSetup	;wreg free
   220  01FF54                     
   221                           ;main.c: 41:   SysTickSetup();
   222  01FF54  EC7D  F0FF         	call	_SysTickSetup	;wreg free
   223  01FF58                     
   224                           ;main.c: 42:   GpioSetup();
   225  01FF58  EC5F  F0FF         	call	_GpioSetup	;wreg free
   226  01FF5C                     
   227                           ;main.c: 47:   UserAppInitialize();
   228  01FF5C  EC67  F0FF         	call	_UserAppInitialize	;wreg free
   229  01FF60                     l848:
   230                           
   231                           ;main.c: 53:   {;main.c: 57:     UserAppRun();
   232  01FF60  ECC7  F0FF         	call	_UserAppRun	;wreg free
   233  01FF64                     
   234                           ;main.c: 61:     (LATA &= 0x7F);
   235  01FF64  9EBE               	bcf	190,7,c	;volatile
   236  01FF66                     
   237                           ;main.c: 62:     SystemSleep();
   238  01FF66  EC5B  F0FF         	call	_SystemSleep	;wreg free
   239  01FF6A                     
   240                           ;main.c: 63:     TimeXus(1000);
   241  01FF6A  0E03               	movlw	3
   242  01FF6C  6E12               	movwf	(TimeXus@u16usecs+1)^(0+1280),c
   243  01FF6E  0EE8               	movlw	232
   244  01FF70  6E11               	movwf	TimeXus@u16usecs^(0+1280),c
   245  01FF72  EC6F  F0FF         	call	_TimeXus	;wreg free
   246  01FF76                     l52:
   247  01FF76  AEB1               	btfss	177,7,c	;volatile
   248  01FF78  EFC0  F0FF         	goto	u51
   249  01FF7C  EFC2  F0FF         	goto	u50
   250  01FF80                     u51:
   251  01FF80  EFBB  F0FF         	goto	l52
   252  01FF84                     u50:
   253  01FF84                     
   254                           ;main.c: 65:     (LATA |= 0x80);
   255  01FF84  8EBE               	bsf	190,7,c	;volatile
   256  01FF86  EFB0  F0FF         	goto	l848
   257  01FF8A  EFFE  F0FF         	goto	start
   258  01FF8E                     __end_of_main:
   259                           	callstack 0
   260                           
   261 ;; *************** function _UserAppRun *****************
   262 ;; Defined at:
   263 ;;		line 132 in file "user_app.c"
   264 ;; Parameters:    Size  Location     Type
   265 ;;		None
   266 ;; Auto vars:     Size  Location     Type
   267 ;;  u8Temp          1    6[COMRAM] unsigned char 
   268 ;;  au8Pattern      6    0[COMRAM] unsigned char [6]
   269 ;; Return value:  Size  Location     Type
   270 ;;                  1    wreg      void 
   271 ;; Registers used:
   272 ;;		wreg, fsr1l, fsr1h, fsr2l, fsr2h, status,2, status,0
   273 ;; Tracked objects:
   274 ;;		On entry : 0/0
   275 ;;		On exit  : 0/0
   276 ;;		Unchanged: 0/0
   277 ;; Data sizes:     COMRAM   BANK5   BANK6   BANK7   BANK8   BANK9  BANK10  BANK11  BANK12  BANK13  BANK14  BANK15  BANK1
      +6  BANK17  BANK18  BANK19  BANK20  BANK21  BANK22  BANK23  BANK24  BANK25  BANK26  BANK27  BANK28  BANK29  BANK30  BANK3
      +1  BANK32  BANK33  BANK34  BANK35  BANK36  BANK37
   278 ;;      Params:         0       0       0       0       0       0       0       0       0       0       0       0       
      +0       0       0       0       0       0       0       0       0       0       0       0       0       0       0       
      +0       0       0       0       0       0       0
   279 ;;      Locals:         7       0       0       0       0       0       0       0       0       0       0       0       
      +0       0       0       0       0       0       0       0       0       0       0       0       0       0       0       
      +0       0       0       0       0       0       0
   280 ;;      Temps:          0       0       0       0       0       0       0       0       0       0       0       0       
      +0       0       0       0       0       0       0       0       0       0       0       0       0       0       0       
      +0       0       0       0       0       0       0
   281 ;;      Totals:         7       0       0       0       0       0       0       0       0       0       0       0       
      +0       0       0       0       0       0       0       0       0       0       0       0       0       0       0       
      +0       0       0       0       0       0       0
   282 ;;Total ram usage:        7 bytes
   283 ;; Hardware stack levels used:    1
   284 ;; This function calls:
   285 ;;		Nothing
   286 ;; This function is called by:
   287 ;;		_main
   288 ;; This function uses a non-reentrant model
   289 ;;
   290                           
   291                           	psect	text1
   292  01FF8E                     __ptext1:
   293                           	callstack 0
   294  01FF8E                     _UserAppRun:
   295                           	callstack 127
   296  01FF8E                     
   297                           ;user_app.c: 134:     static u16 u16Counter = 0x0000;;user_app.c: 136:     static u8 LED
      +                          index = 0x00;;user_app.c: 138:     u8 au8Pattern [6] = {0x01, 0x02, 0x04, 0x08, 0x10, 0x
      +                          20};
   298  01FF8E  EE21  F118         	lfsr	2,UserAppRun@F15927
   299  01FF92  EE11  F111         	lfsr	1,UserAppRun@au8Pattern
   300  01FF96  0E05               	movlw	5
   301  01FF98                     u11:
   302  01FF98  C4DB F4E3          	movff	plusw2,plusw1
   303  01FF9C  06E8               	decf	wreg,f,c
   304  01FF9E  E2FC               	bc	u11
   305  01FFA0                     
   306                           ;user_app.c: 140:     u16Counter++;
   307  01FFA0  4A0D               	infsnz	UserAppRun@u16Counter^(0+1280),f,c
   308  01FFA2  2A0E               	incf	(UserAppRun@u16Counter+1)^(0+1280),f,c
   309  01FFA4                     
   310                           ;user_app.c: 142:     if(u16Counter == 0x01F4){
   311  01FFA4  0EF4               	movlw	244
   312  01FFA6  180D               	xorwf	UserAppRun@u16Counter^(0+1280),w,c
   313  01FFA8  E106               	bnz	u21
   314  01FFAA  040E               	decf	(UserAppRun@u16Counter+1)^(0+1280),w,c
   315  01FFAC  A4D8               	btfss	status,2,c
   316  01FFAE  EFDB  F0FF         	goto	u21
   317  01FFB2  EFDD  F0FF         	goto	u20
   318  01FFB6                     u21:
   319  01FFB6  EFFD  F0FF         	goto	l88
   320  01FFBA                     u20:
   321  01FFBA                     
   322                           ;user_app.c: 143:         u16Counter = 0x0000;
   323  01FFBA  0E00               	movlw	0
   324  01FFBC  6E0E               	movwf	(UserAppRun@u16Counter+1)^(0+1280),c
   325  01FFBE  0E00               	movlw	0
   326  01FFC0  6E0D               	movwf	UserAppRun@u16Counter^(0+1280),c
   327  01FFC2                     
   328                           ;user_app.c: 145:         u8 u8Temp = LATA;
   329  01FFC2  0061 F2F8  F517    	movff	1214,UserAppRun@u8Temp	;volatile
   330  01FFC8                     
   331                           ;user_app.c: 147:         u8Temp &= 0x80;
   332  01FFC8  0E80               	movlw	128
   333  01FFCA  1617               	andwf	UserAppRun@u8Temp^(0+1280),f,c
   334  01FFCC                     
   335                           ;user_app.c: 149:         u8Temp |= au8Pattern[LEDindex];
   336  01FFCC  0E11               	movlw	low UserAppRun@au8Pattern
   337  01FFCE  240F               	addwf	UserAppRun@LEDindex^(0+1280),w,c
   338  01FFD0  6ED9               	movwf	fsr2l,c
   339  01FFD2  6ADA               	clrf	fsr2h,c
   340  01FFD4  0E05               	movlw	high UserAppRun@au8Pattern
   341  01FFD6  22DA               	addwfc	fsr2h,f,c
   342  01FFD8  50DF               	movf	indf2,w,c
   343  01FFDA  1217               	iorwf	UserAppRun@u8Temp^(0+1280),f,c
   344  01FFDC                     
   345                           ;user_app.c: 150:         LATA = u8Temp;
   346  01FFDC  0061  F45C  F4BE   	movff	UserAppRun@u8Temp,1214	;volatile
   347  01FFE2                     
   348                           ;user_app.c: 151:         LEDindex++;
   349  01FFE2  2A0F               	incf	UserAppRun@LEDindex^(0+1280),f,c
   350  01FFE4                     
   351                           ;user_app.c: 153:         if (LEDindex == 0x06){
   352  01FFE4  0E06               	movlw	6
   353  01FFE6  180F               	xorwf	UserAppRun@LEDindex^(0+1280),w,c
   354  01FFE8  A4D8               	btfss	status,2,c
   355  01FFEA  EFF9  F0FF         	goto	u31
   356  01FFEE  EFFB  F0FF         	goto	u30
   357  01FFF2                     u31:
   358  01FFF2  EFFD  F0FF         	goto	l88
   359  01FFF6                     u30:
   360  01FFF6                     
   361                           ;user_app.c: 154:             LEDindex = 0;
   362  01FFF6  0E00               	movlw	0
   363  01FFF8  6E0F               	movwf	UserAppRun@LEDindex^(0+1280),c
   364  01FFFA                     l88:
   365  01FFFA  0012               	return		;funcret
   366  01FFFC                     __end_of_UserAppRun:
   367                           	callstack 0
   368                           
   369 ;; *************** function _UserAppInitialize *****************
   370 ;; Defined at:
   371 ;;		line 76 in file "user_app.c"
   372 ;; Parameters:    Size  Location     Type
   373 ;;		None
   374 ;; Auto vars:     Size  Location     Type
   375 ;;		None
   376 ;; Return value:  Size  Location     Type
   377 ;;                  1    wreg      void 
   378 ;; Registers used:
   379 ;;		wreg, status,2
   380 ;; Tracked objects:
   381 ;;		On entry : 0/0
   382 ;;		On exit  : 0/0
   383 ;;		Unchanged: 0/0
   384 ;; Data sizes:     COMRAM   BANK5   BANK6   BANK7   BANK8   BANK9  BANK10  BANK11  BANK12  BANK13  BANK14  BANK15  BANK1
      +6  BANK17  BANK18  BANK19  BANK20  BANK21  BANK22  BANK23  BANK24  BANK25  BANK26  BANK27  BANK28  BANK29  BANK30  BANK3
      +1  BANK32  BANK33  BANK34  BANK35  BANK36  BANK37
   385 ;;      Params:         0       0       0       0       0       0       0       0       0       0       0       0       
      +0       0       0       0       0       0       0       0       0       0       0       0       0       0       0       
      +0       0       0       0       0       0       0
   386 ;;      Locals:         0       0       0       0       0       0       0       0       0       0       0       0       
      +0       0       0       0       0       0       0       0       0       0       0       0       0       0       0       
      +0       0       0       0       0       0       0
   387 ;;      Temps:          0       0       0       0       0       0       0       0       0       0       0       0       
      +0       0       0       0       0       0       0       0       0       0       0       0       0       0       0       
      +0       0       0       0       0       0       0
   388 ;;      Totals:         0       0       0       0       0       0       0       0       0       0       0       0       
      +0       0       0       0       0       0       0       0       0       0       0       0       0       0       0       
      +0       0       0       0       0       0       0
   389 ;;Total ram usage:        0 bytes
   390 ;; Hardware stack levels used:    1
   391 ;; This function calls:
   392 ;;		Nothing
   393 ;; This function is called by:
   394 ;;		_main
   395 ;; This function uses a non-reentrant model
   396 ;;
   397                           
   398                           	psect	text2
   399  01FECE                     __ptext2:
   400                           	callstack 0
   401  01FECE                     _UserAppInitialize:
   402                           	callstack 127
   403  01FECE                     
   404                           ;user_app.c: 79:     LATA = 0x80;
   405  01FECE  0E80               	movlw	128
   406  01FED0  6EBE               	movwf	190,c	;volatile
   407                           
   408                           ;user_app.c: 84:     T0CON0 = 0x90;
   409  01FED2  0E90               	movlw	144
   410  01FED4  0103               	movlb	3	; () banked
   411  01FED6  6F1A               	movwf	26,b	;volatile
   412                           
   413                           ;user_app.c: 85:     T0CON1 = 0x54;
   414  01FED8  0E54               	movlw	84
   415  01FEDA  6F1B               	movwf	27,b	;volatile
   416  01FEDC                     
   417                           ; BSR set to: 3
   418  01FEDC  0012               	return		;funcret
   419  01FEDE                     __end_of_UserAppInitialize:
   420                           	callstack 0
   421                           
   422 ;; *************** function _TimeXus *****************
   423 ;; Defined at:
   424 ;;		line 102 in file "user_app.c"
   425 ;; Parameters:    Size  Location     Type
   426 ;;  u16usecs        2    0[COMRAM] unsigned short 
   427 ;; Auto vars:     Size  Location     Type
   428 ;;  u16Timer        2    2[COMRAM] unsigned short 
   429 ;; Return value:  Size  Location     Type
   430 ;;                  1    wreg      void 
   431 ;; Registers used:
   432 ;;		wreg, status,2, status,0
   433 ;; Tracked objects:
   434 ;;		On entry : 0/0
   435 ;;		On exit  : 0/0
   436 ;;		Unchanged: 0/0
   437 ;; Data sizes:     COMRAM   BANK5   BANK6   BANK7   BANK8   BANK9  BANK10  BANK11  BANK12  BANK13  BANK14  BANK15  BANK1
      +6  BANK17  BANK18  BANK19  BANK20  BANK21  BANK22  BANK23  BANK24  BANK25  BANK26  BANK27  BANK28  BANK29  BANK30  BANK3
      +1  BANK32  BANK33  BANK34  BANK35  BANK36  BANK37
   438 ;;      Params:         2       0       0       0       0       0       0       0       0       0       0       0       
      +0       0       0       0       0       0       0       0       0       0       0       0       0       0       0       
      +0       0       0       0       0       0       0
   439 ;;      Locals:         2       0       0       0       0       0       0       0       0       0       0       0       
      +0       0       0       0       0       0       0       0       0       0       0       0       0       0       0       
      +0       0       0       0       0       0       0
   440 ;;      Temps:          0       0       0       0       0       0       0       0       0       0       0       0       
      +0       0       0       0       0       0       0       0       0       0       0       0       0       0       0       
      +0       0       0       0       0       0       0
   441 ;;      Totals:         4       0       0       0       0       0       0       0       0       0       0       0       
      +0       0       0       0       0       0       0       0       0       0       0       0       0       0       0       
      +0       0       0       0       0       0       0
   442 ;;Total ram usage:        4 bytes
   443 ;; Hardware stack levels used:    1
   444 ;; This function calls:
   445 ;;		Nothing
   446 ;; This function is called by:
   447 ;;		_main
   448 ;; This function uses a non-reentrant model
   449 ;;
   450                           
   451                           	psect	text3
   452  01FEDE                     __ptext3:
   453                           	callstack 0
   454  01FEDE                     _TimeXus:
   455                           	callstack 127
   456  01FEDE                     
   457                           ;user_app.c: 104:     T0CON0 &= 0x7F;
   458  01FEDE  0103               	movlb	3	; () banked
   459  01FEE0  9F1A               	bcf	26,7,b	;volatile
   460  01FEE2                     
   461                           ; BSR set to: 3
   462                           ;user_app.c: 107:     u16 u16Timer = 0xFFFF - u16usecs;
   463  01FEE2  1C11               	comf	TimeXus@u16usecs^(0+1280),w,c
   464  01FEE4  6E13               	movwf	TimeXus@u16Timer^(0+1280),c
   465  01FEE6  1C12               	comf	(TimeXus@u16usecs+1)^(0+1280),w,c
   466  01FEE8  6E14               	movwf	(TimeXus@u16Timer+1)^(0+1280),c
   467  01FEEA                     
   468                           ; BSR set to: 3
   469                           ;user_app.c: 110:     TMR0L = u16Timer & 0x00FF;
   470  01FEEA  0061  F44C  F318   	movff	TimeXus@u16Timer,792	;volatile
   471  01FEF0                     
   472                           ; BSR set to: 3
   473                           ;user_app.c: 113:     TMR0H = (u8) ((u16Timer & 0xFF00) >> 8);
   474  01FEF0  5014               	movf	(TimeXus@u16Timer+1)^(0+1280),w,c
   475  01FEF2  6F19               	movwf	25,b	;volatile
   476  01FEF4                     
   477                           ; BSR set to: 3
   478                           ;user_app.c: 116:     PIR3 &= 0x7F;
   479  01FEF4  9EB1               	bcf	177,7,c	;volatile
   480  01FEF6                     
   481                           ; BSR set to: 3
   482                           ;user_app.c: 117:     T0CON0 |= 0x80;
   483  01FEF6  8F1A               	bsf	26,7,b	;volatile
   484  01FEF8                     
   485                           ; BSR set to: 3
   486  01FEF8  0012               	return		;funcret
   487  01FEFA                     __end_of_TimeXus:
   488                           	callstack 0
   489                           
   490 ;; *************** function _SystemSleep *****************
   491 ;; Defined at:
   492 ;;		line 132 in file "encm369_pic18.c"
   493 ;; Parameters:    Size  Location     Type
   494 ;;		None
   495 ;; Auto vars:     Size  Location     Type
   496 ;;		None
   497 ;; Return value:  Size  Location     Type
   498 ;;                  1    wreg      void 
   499 ;; Registers used:
   500 ;;		None
   501 ;; Tracked objects:
   502 ;;		On entry : 0/0
   503 ;;		On exit  : 0/0
   504 ;;		Unchanged: 0/0
   505 ;; Data sizes:     COMRAM   BANK5   BANK6   BANK7   BANK8   BANK9  BANK10  BANK11  BANK12  BANK13  BANK14  BANK15  BANK1
      +6  BANK17  BANK18  BANK19  BANK20  BANK21  BANK22  BANK23  BANK24  BANK25  BANK26  BANK27  BANK28  BANK29  BANK30  BANK3
      +1  BANK32  BANK33  BANK34  BANK35  BANK36  BANK37
   506 ;;      Params:         0       0       0       0       0       0       0       0       0       0       0       0       
      +0       0       0       0       0       0       0       0       0       0       0       0       0       0       0       
      +0       0       0       0       0       0       0
   507 ;;      Locals:         0       0       0       0       0       0       0       0       0       0       0       0       
      +0       0       0       0       0       0       0       0       0       0       0       0       0       0       0       
      +0       0       0       0       0       0       0
   508 ;;      Temps:          0       0       0       0       0       0       0       0       0       0       0       0       
      +0       0       0       0       0       0       0       0       0       0       0       0       0       0       0       
      +0       0       0       0       0       0       0
   509 ;;      Totals:         0       0       0       0       0       0       0       0       0       0       0       0       
      +0       0       0       0       0       0       0       0       0       0       0       0       0       0       0       
      +0       0       0       0       0       0       0
   510 ;;Total ram usage:        0 bytes
   511 ;; Hardware stack levels used:    1
   512 ;; This function calls:
   513 ;;		Nothing
   514 ;; This function is called by:
   515 ;;		_main
   516 ;; This function uses a non-reentrant model
   517 ;;
   518                           
   519                           	psect	text4
   520  01FEB6                     __ptext4:
   521                           	callstack 0
   522  01FEB6                     _SystemSleep:
   523                           	callstack 127
   524  01FEB6  0012               	return		;funcret
   525  01FEB8                     __end_of_SystemSleep:
   526                           	callstack 0
   527                           
   528 ;; *************** function _SysTickSetup *****************
   529 ;; Defined at:
   530 ;;		line 110 in file "encm369_pic18.c"
   531 ;; Parameters:    Size  Location     Type
   532 ;;		None
   533 ;; Auto vars:     Size  Location     Type
   534 ;;		None
   535 ;; Return value:  Size  Location     Type
   536 ;;                  1    wreg      void 
   537 ;; Registers used:
   538 ;;		wreg, status,2
   539 ;; Tracked objects:
   540 ;;		On entry : 0/0
   541 ;;		On exit  : 0/0
   542 ;;		Unchanged: 0/0
   543 ;; Data sizes:     COMRAM   BANK5   BANK6   BANK7   BANK8   BANK9  BANK10  BANK11  BANK12  BANK13  BANK14  BANK15  BANK1
      +6  BANK17  BANK18  BANK19  BANK20  BANK21  BANK22  BANK23  BANK24  BANK25  BANK26  BANK27  BANK28  BANK29  BANK30  BANK3
      +1  BANK32  BANK33  BANK34  BANK35  BANK36  BANK37
   544 ;;      Params:         0       0       0       0       0       0       0       0       0       0       0       0       
      +0       0       0       0       0       0       0       0       0       0       0       0       0       0       0       
      +0       0       0       0       0       0       0
   545 ;;      Locals:         0       0       0       0       0       0       0       0       0       0       0       0       
      +0       0       0       0       0       0       0       0       0       0       0       0       0       0       0       
      +0       0       0       0       0       0       0
   546 ;;      Temps:          0       0       0       0       0       0       0       0       0       0       0       0       
      +0       0       0       0       0       0       0       0       0       0       0       0       0       0       0       
      +0       0       0       0       0       0       0
   547 ;;      Totals:         0       0       0       0       0       0       0       0       0       0       0       0       
      +0       0       0       0       0       0       0       0       0       0       0       0       0       0       0       
      +0       0       0       0       0       0       0
   548 ;;Total ram usage:        0 bytes
   549 ;; Hardware stack levels used:    1
   550 ;; This function calls:
   551 ;;		Nothing
   552 ;; This function is called by:
   553 ;;		_main
   554 ;; This function uses a non-reentrant model
   555 ;;
   556                           
   557                           	psect	text5
   558  01FEFA                     __ptext5:
   559                           	callstack 0
   560  01FEFA                     _SysTickSetup:
   561                           	callstack 127
   562  01FEFA                     
   563                           ;encm369_pic18.c: 112:   G_u32SystemTime1ms = 0;
   564  01FEFA  0E00               	movlw	0
   565  01FEFC  6E09               	movwf	_G_u32SystemTime1ms^(0+1280),c	;volatile
   566  01FEFE  0E00               	movlw	0
   567  01FF00  6E0A               	movwf	(_G_u32SystemTime1ms+1)^(0+1280),c	;volatile
   568  01FF02  0E00               	movlw	0
   569  01FF04  6E0B               	movwf	(_G_u32SystemTime1ms+2)^(0+1280),c	;volatile
   570  01FF06  0E00               	movlw	0
   571  01FF08  6E0C               	movwf	(_G_u32SystemTime1ms+3)^(0+1280),c	;volatile
   572                           
   573                           ;encm369_pic18.c: 113:   G_u32SystemTime1s = 0;
   574  01FF0A  0E00               	movlw	0
   575  01FF0C  6E05               	movwf	_G_u32SystemTime1s^(0+1280),c	;volatile
   576  01FF0E  0E00               	movlw	0
   577  01FF10  6E06               	movwf	(_G_u32SystemTime1s+1)^(0+1280),c	;volatile
   578  01FF12  0E00               	movlw	0
   579  01FF14  6E07               	movwf	(_G_u32SystemTime1s+2)^(0+1280),c	;volatile
   580  01FF16  0E00               	movlw	0
   581  01FF18  6E08               	movwf	(_G_u32SystemTime1s+3)^(0+1280),c	;volatile
   582  01FF1A  0012               	return		;funcret
   583  01FF1C                     __end_of_SysTickSetup:
   584                           	callstack 0
   585                           
   586 ;; *************** function _GpioSetup *****************
   587 ;; Defined at:
   588 ;;		line 89 in file "encm369_pic18.c"
   589 ;; Parameters:    Size  Location     Type
   590 ;;		None
   591 ;; Auto vars:     Size  Location     Type
   592 ;;		None
   593 ;; Return value:  Size  Location     Type
   594 ;;                  1    wreg      void 
   595 ;; Registers used:
   596 ;;		wreg, status,2
   597 ;; Tracked objects:
   598 ;;		On entry : 0/0
   599 ;;		On exit  : 0/0
   600 ;;		Unchanged: 0/0
   601 ;; Data sizes:     COMRAM   BANK5   BANK6   BANK7   BANK8   BANK9  BANK10  BANK11  BANK12  BANK13  BANK14  BANK15  BANK1
      +6  BANK17  BANK18  BANK19  BANK20  BANK21  BANK22  BANK23  BANK24  BANK25  BANK26  BANK27  BANK28  BANK29  BANK30  BANK3
      +1  BANK32  BANK33  BANK34  BANK35  BANK36  BANK37
   602 ;;      Params:         0       0       0       0       0       0       0       0       0       0       0       0       
      +0       0       0       0       0       0       0       0       0       0       0       0       0       0       0       
      +0       0       0       0       0       0       0
   603 ;;      Locals:         0       0       0       0       0       0       0       0       0       0       0       0       
      +0       0       0       0       0       0       0       0       0       0       0       0       0       0       0       
      +0       0       0       0       0       0       0
   604 ;;      Temps:          0       0       0       0       0       0       0       0       0       0       0       0       
      +0       0       0       0       0       0       0       0       0       0       0       0       0       0       0       
      +0       0       0       0       0       0       0
   605 ;;      Totals:         0       0       0       0       0       0       0       0       0       0       0       0       
      +0       0       0       0       0       0       0       0       0       0       0       0       0       0       0       
      +0       0       0       0       0       0       0
   606 ;;Total ram usage:        0 bytes
   607 ;; Hardware stack levels used:    1
   608 ;; This function calls:
   609 ;;		Nothing
   610 ;; This function is called by:
   611 ;;		_main
   612 ;; This function uses a non-reentrant model
   613 ;;
   614                           
   615                           	psect	text6
   616  01FEBE                     __ptext6:
   617                           	callstack 0
   618  01FEBE                     _GpioSetup:
   619                           	callstack 127
   620  01FEBE                     
   621                           ;encm369_pic18.c: 91:     LATA = 0x80;
   622  01FEBE  0E80               	movlw	128
   623  01FEC0  6EBE               	movwf	190,c	;volatile
   624                           
   625                           ;encm369_pic18.c: 92:     ANSELA = 0x00;
   626  01FEC2  0E00               	movlw	0
   627  01FEC4  0104               	movlb	4	; () banked
   628  01FEC6  6F00               	movwf	0,b	;volatile
   629                           
   630                           ;encm369_pic18.c: 93:     TRISA = 0x00;
   631  01FEC8  0E00               	movlw	0
   632  01FECA  6EC6               	movwf	198,c	;volatile
   633  01FECC                     
   634                           ; BSR set to: 4
   635  01FECC  0012               	return		;funcret
   636  01FECE                     __end_of_GpioSetup:
   637                           	callstack 0
   638                           
   639 ;; *************** function _ClockSetup *****************
   640 ;; Defined at:
   641 ;;		line 70 in file "encm369_pic18.c"
   642 ;; Parameters:    Size  Location     Type
   643 ;;		None
   644 ;; Auto vars:     Size  Location     Type
   645 ;;		None
   646 ;; Return value:  Size  Location     Type
   647 ;;                  1    wreg      void 
   648 ;; Registers used:
   649 ;;		None
   650 ;; Tracked objects:
   651 ;;		On entry : 0/0
   652 ;;		On exit  : 0/0
   653 ;;		Unchanged: 0/0
   654 ;; Data sizes:     COMRAM   BANK5   BANK6   BANK7   BANK8   BANK9  BANK10  BANK11  BANK12  BANK13  BANK14  BANK15  BANK1
      +6  BANK17  BANK18  BANK19  BANK20  BANK21  BANK22  BANK23  BANK24  BANK25  BANK26  BANK27  BANK28  BANK29  BANK30  BANK3
      +1  BANK32  BANK33  BANK34  BANK35  BANK36  BANK37
   655 ;;      Params:         0       0       0       0       0       0       0       0       0       0       0       0       
      +0       0       0       0       0       0       0       0       0       0       0       0       0       0       0       
      +0       0       0       0       0       0       0
   656 ;;      Locals:         0       0       0       0       0       0       0       0       0       0       0       0       
      +0       0       0       0       0       0       0       0       0       0       0       0       0       0       0       
      +0       0       0       0       0       0       0
   657 ;;      Temps:          0       0       0       0       0       0       0       0       0       0       0       0       
      +0       0       0       0       0       0       0       0       0       0       0       0       0       0       0       
      +0       0       0       0       0       0       0
   658 ;;      Totals:         0       0       0       0       0       0       0       0       0       0       0       0       
      +0       0       0       0       0       0       0       0       0       0       0       0       0       0       0       
      +0       0       0       0       0       0       0
   659 ;;Total ram usage:        0 bytes
   660 ;; Hardware stack levels used:    1
   661 ;; This function calls:
   662 ;;		Nothing
   663 ;; This function is called by:
   664 ;;		_main
   665 ;; This function uses a non-reentrant model
   666 ;;
   667                           
   668                           	psect	text7
   669  01FEB4                     __ptext7:
   670                           	callstack 0
   671  01FEB4                     _ClockSetup:
   672                           	callstack 127
   673  01FEB4  0012               	return		;funcret
   674  01FEB6                     __end_of_ClockSetup:
   675                           	callstack 0
   676  0000                     
   677                           	psect	rparam
   678  0000                     
   679                           	psect	idloc
   680                           
   681                           ;Config register IDLOC0 @ 0x200000
   682                           ;	unspecified, using default values
   683  200000                     	org	2097152
   684  200000  0FFF               	dw	4095
   685                           
   686                           ;Config register IDLOC1 @ 0x200002
   687                           ;	unspecified, using default values
   688  200002                     	org	2097154
   689  200002  0FFF               	dw	4095
   690                           
   691                           ;Config register IDLOC2 @ 0x200004
   692                           ;	unspecified, using default values
   693  200004                     	org	2097156
   694  200004  0FFF               	dw	4095
   695                           
   696                           ;Config register IDLOC3 @ 0x200006
   697                           ;	unspecified, using default values
   698  200006                     	org	2097158
   699  200006  0FFF               	dw	4095
   700                           
   701                           ;Config register IDLOC4 @ 0x200008
   702                           ;	unspecified, using default values
   703  200008                     	org	2097160
   704  200008  0FFF               	dw	4095
   705                           
   706                           ;Config register IDLOC5 @ 0x20000A
   707                           ;	unspecified, using default values
   708  20000A                     	org	2097162
   709  20000A  0FFF               	dw	4095
   710                           
   711                           ;Config register IDLOC6 @ 0x20000C
   712                           ;	unspecified, using default values
   713  20000C                     	org	2097164
   714  20000C  0FFF               	dw	4095
   715                           
   716                           ;Config register IDLOC7 @ 0x20000E
   717                           ;	unspecified, using default values
   718  20000E                     	org	2097166
   719  20000E  0FFF               	dw	4095
   720                           
   721                           ;Config register IDLOC8 @ 0x200010
   722                           ;	unspecified, using default values
   723  200010                     	org	2097168
   724  200010  0FFF               	dw	4095
   725                           
   726                           ;Config register IDLOC9 @ 0x200012
   727                           ;	unspecified, using default values
   728  200012                     	org	2097170
   729  200012  0FFF               	dw	4095
   730                           
   731                           ;Config register IDLOC10 @ 0x200014
   732                           ;	unspecified, using default values
   733  200014                     	org	2097172
   734  200014  0FFF               	dw	4095
   735                           
   736                           ;Config register IDLOC11 @ 0x200016
   737                           ;	unspecified, using default values
   738  200016                     	org	2097174
   739  200016  0FFF               	dw	4095
   740                           
   741                           ;Config register IDLOC12 @ 0x200018
   742                           ;	unspecified, using default values
   743  200018                     	org	2097176
   744  200018  0FFF               	dw	4095
   745                           
   746                           ;Config register IDLOC13 @ 0x20001A
   747                           ;	unspecified, using default values
   748  20001A                     	org	2097178
   749  20001A  0FFF               	dw	4095
   750                           
   751                           ;Config register IDLOC14 @ 0x20001C
   752                           ;	unspecified, using default values
   753  20001C                     	org	2097180
   754  20001C  0FFF               	dw	4095
   755                           
   756                           ;Config register IDLOC15 @ 0x20001E
   757                           ;	unspecified, using default values
   758  20001E                     	org	2097182
   759  20001E  0FFF               	dw	4095
   760                           
   761                           	psect	config
   762                           
   763                           ;Config register CONFIG1 @ 0x300000
   764                           ;	External Oscillator Selection
   765                           ;	FEXTOSC = OFF, Oscillator not enabled
   766                           ;	Reset Oscillator Selection
   767                           ;	RSTOSC = HFINTOSC_64MHZ, HFINTOSC with HFFRQ = 64 MHz and CDIV = 1:1
   768  300000                     	org	3145728
   769  300000  8C                 	db	140
   770                           
   771                           ;Config register CONFIG2 @ 0x300001
   772                           ;	Clock out Enable bit
   773                           ;	CLKOUTEN = ON, CLKOUT function is enabled
   774                           ;	PRLOCKED One-Way Set Enable bit
   775                           ;	PR1WAY = ON, PRLOCKED bit can be cleared and set only once
   776                           ;	Clock Switch Enable bit
   777                           ;	CSWEN = ON, Writing to NOSC and NDIV is allowed
   778                           ;	Fail-Safe Clock Monitor Enable bit
   779                           ;	FCMEN = ON, Fail-Safe Clock Monitor enabled
   780  300001                     	org	3145729
   781  300001  FE                 	db	254
   782                           
   783                           ;Config register CONFIG3 @ 0x300002
   784                           ;	MCLR Enable bit
   785                           ;	MCLRE = EXTMCLR, If LVP = 0, MCLR pin is MCLR; If LVP = 1, RE3 pin function is MCLR
   786                           ;	Power-up timer selection bits
   787                           ;	PWRTS = PWRT_OFF, PWRT is disabled
   788                           ;	Multi-vector enable bit
   789                           ;	MVECEN = ON, Multi-vector enabled, Vector table used for interrupts
   790                           ;	IVTLOCK bit One-way set enable bit
   791                           ;	IVT1WAY = ON, IVTLOCKED bit can be cleared and set only once
   792                           ;	Low Power BOR Enable bit
   793                           ;	LPBOREN = OFF, Low-Power BOR disabled
   794                           ;	Brown-out Reset Enable bits
   795                           ;	BOREN = SBORDIS, Brown-out Reset enabled , SBOREN bit is ignored
   796  300002                     	org	3145730
   797  300002  FF                 	db	255
   798                           
   799                           ;Config register CONFIG4 @ 0x300003
   800                           ;	Brown-out Reset Voltage Selection bits
   801                           ;	BORV = VBOR_2P85, Brown-out Reset Voltage (VBOR) set to 2.8V
   802                           ;	ZCD Disable bit
   803                           ;	ZCD = OFF, ZCD module is disabled. ZCD can be enabled by setting the ZCDSEN bit of ZCD
      +                          CON
   804                           ;	PPSLOCK bit One-Way Set Enable bit
   805                           ;	PPS1WAY = ON, PPSLOCKED bit can be cleared and set only once; PPS registers remain loc
      +                          ked after one clear/set cycle
   806                           ;	Stack Full/Underflow Reset Enable bit
   807                           ;	STVREN = ON, Stack full/underflow will cause Reset
   808                           ;	Low Voltage Programming Enable bit
   809                           ;	LVP = ON, Low voltage programming enabled. MCLR/VPP pin function is MCLR. MCLRE config
      +                          uration bit is ignored
   810                           ;	Extended Instruction Set Enable bit
   811                           ;	XINST = OFF, Extended Instruction Set and Indexed Addressing Mode disabled
   812  300003                     	org	3145731
   813  300003  FC                 	db	252
   814                           
   815                           ;Config register CONFIG5 @ 0x300004
   816                           ;	WDT Period selection bits
   817                           ;	WDTCPS = WDTCPS_31, Divider ratio 1:65536; software control of WDTPS
   818                           ;	WDT operating mode
   819                           ;	WDTE = OFF, WDT Disabled; SWDTEN is ignored
   820  300004                     	org	3145732
   821  300004  9F                 	db	159
   822                           
   823                           ;Config register CONFIG6 @ 0x300005
   824                           ;	WDT Window Select bits
   825                           ;	WDTCWS = WDTCWS_7, window always open (100%); software control; keyed access not requi
      +                          red
   826                           ;	WDT input clock selector
   827                           ;	WDTCCS = SC, Software Control
   828  300005                     	org	3145733
   829  300005  FF                 	db	255
   830                           
   831                           ;Config register CONFIG7 @ 0x300006
   832                           ;	Boot Block Size selection bits
   833                           ;	BBSIZE = BBSIZE_512, Boot Block size is 512 words
   834                           ;	Boot Block enable bit
   835                           ;	BBEN = OFF, Boot block disabled
   836                           ;	Storage Area Flash enable bit
   837                           ;	SAFEN = OFF, SAF disabled
   838                           ;	Background Debugger
   839                           ;	DEBUG = OFF, Background Debugger disabled
   840  300006                     	org	3145734
   841  300006  FF                 	db	255
   842                           
   843                           ;Config register CONFIG8 @ 0x300007
   844                           ;	Boot Block Write Protection bit
   845                           ;	WRTB = OFF, Boot Block not Write protected
   846                           ;	Configuration Register Write Protection bit
   847                           ;	WRTC = OFF, Configuration registers not Write protected
   848                           ;	Data EEPROM Write Protection bit
   849                           ;	WRTD = OFF, Data EEPROM not Write protected
   850                           ;	SAF Write protection bit
   851                           ;	WRTSAF = OFF, SAF not Write Protected
   852                           ;	Application Block write protection bit
   853                           ;	WRTAPP = OFF, Application Block not write protected
   854  300007                     	org	3145735
   855  300007  FF                 	db	255
   856                           
   857                           ; Padding undefined space
   858  300008                     	org	3145736
   859  300008  FF                 	db	255
   860                           
   861                           ;Config register CONFIG10 @ 0x300009
   862                           ;	PFM and Data EEPROM Code Protection bit
   863                           ;	CP = OFF, PFM and Data EEPROM code protection disabled
   864  300009                     	org	3145737
   865  300009  FF                 	db	255
   866                           tosu	equ	0x4FF
   867                           tosh	equ	0x4FE
   868                           tosl	equ	0x4FD
   869                           stkptr	equ	0x4FC
   870                           pclatu	equ	0x4FB
   871                           pclath	equ	0x4FA
   872                           pcl	equ	0x4F9
   873                           tblptru	equ	0x4F8
   874                           tblptrh	equ	0x4F7
   875                           tblptrl	equ	0x4F6
   876                           tablat	equ	0x4F5
   877                           prodh	equ	0x4F4
   878                           prodl	equ	0x4F3
   879                           indf0	equ	0x4EF
   880                           postinc0	equ	0x4EE
   881                           postdec0	equ	0x4ED
   882                           preinc0	equ	0x4EC
   883                           plusw0	equ	0x4EB
   884                           fsr0h	equ	0x4EA
   885                           fsr0l	equ	0x4E9
   886                           wreg	equ	0x4E8
   887                           indf1	equ	0x4E7
   888                           postinc1	equ	0x4E6
   889                           postdec1	equ	0x4E5
   890                           preinc1	equ	0x4E4
   891                           plusw1	equ	0x4E3
   892                           fsr1h	equ	0x4E2
   893                           fsr1l	equ	0x4E1
   894                           bsr	equ	0x4E0
   895                           indf2	equ	0x4DF
   896                           postinc2	equ	0x4DE
   897                           postdec2	equ	0x4DD
   898                           preinc2	equ	0x4DC
   899                           plusw2	equ	0x4DB
   900                           fsr2h	equ	0x4DA
   901                           fsr2l	equ	0x4D9
   902                           status	equ	0x4D8

Data Sizes:
    Strings     0
    Constant    0
    Data        6
    BSS         16
    Persistent  0
    Stack       0

Auto Spaces:
    Space          Size  Autos    Used
    COMRAM           95      7      29
    BANK5           160      0       0
    BANK6           256      0       0
    BANK7           256      0       0
    BANK8           256      0       0
    BANK9           256      0       0
    BANK10          256      0       0
    BANK11          256      0       0
    BANK12          256      0       0
    BANK13          256      0       0
    BANK14          256      0       0
    BANK15          256      0       0
    BANK16          256      0       0
    BANK17          256      0       0
    BANK18          256      0       0
    BANK19          256      0       0
    BANK20          256      0       0
    BANK21          256      0       0
    BANK22          256      0       0
    BANK23          256      0       0
    BANK24          256      0       0
    BANK25          256      0       0
    BANK26          256      0       0
    BANK27          256      0       0
    BANK28          256      0       0
    BANK29          256      0       0
    BANK30          256      0       0
    BANK31          256      0       0
    BANK32          256      0       0
    BANK33          256      0       0
    BANK34          256      0       0
    BANK35          256      0       0
    BANK36          256      0       0
    BANK37          256      0       0

Pointer List with Targets:

    None.

Critical Paths under _main in COMRAM

    _main->_UserAppRun

Critical Paths under _main in BANK5

    None.

Critical Paths under _main in BANK6

    None.

Critical Paths under _main in BANK7

    None.

Critical Paths under _main in BANK8

    None.

Critical Paths under _main in BANK9

    None.

Critical Paths under _main in BANK10

    None.

Critical Paths under _main in BANK11

    None.

Critical Paths under _main in BANK12

    None.

Critical Paths under _main in BANK13

    None.

Critical Paths under _main in BANK14

    None.

Critical Paths under _main in BANK15

    None.

Critical Paths under _main in BANK16

    None.

Critical Paths under _main in BANK17

    None.

Critical Paths under _main in BANK18

    None.

Critical Paths under _main in BANK19

    None.

Critical Paths under _main in BANK20

    None.

Critical Paths under _main in BANK21

    None.

Critical Paths under _main in BANK22

    None.

Critical Paths under _main in BANK23

    None.

Critical Paths under _main in BANK24

    None.

Critical Paths under _main in BANK25

    None.

Critical Paths under _main in BANK26

    None.

Critical Paths under _main in BANK27

    None.

Critical Paths under _main in BANK28

    None.

Critical Paths under _main in BANK29

    None.

Critical Paths under _main in BANK30

    None.

Critical Paths under _main in BANK31

    None.

Critical Paths under _main in BANK32

    None.

Critical Paths under _main in BANK33

    None.

Critical Paths under _main in BANK34

    None.

Critical Paths under _main in BANK35

    None.

Critical Paths under _main in BANK36

    None.

Critical Paths under _main in BANK37

    None.

Call Graph Tables:

 ---------------------------------------------------------------------------------
 (Depth) Function   	        Calls       Base Space   Used Autos Params    Refs
 ---------------------------------------------------------------------------------
 (0) _main                                                 0     0      0     173
                         _ClockSetup
                          _GpioSetup
                       _SysTickSetup
                        _SystemSleep
                            _TimeXus
                  _UserAppInitialize
                         _UserAppRun
 ---------------------------------------------------------------------------------
 (1) _UserAppRun                                           7     7      0      30
                                              0 COMRAM     7     7      0
 ---------------------------------------------------------------------------------
 (1) _UserAppInitialize                                    0     0      0       0
 ---------------------------------------------------------------------------------
 (1) _TimeXus                                              4     2      2     143
                                              0 COMRAM     4     2      2
 ---------------------------------------------------------------------------------
 (1) _SystemSleep                                          0     0      0       0
 ---------------------------------------------------------------------------------
 (1) _SysTickSetup                                         0     0      0       0
 ---------------------------------------------------------------------------------
 (1) _GpioSetup                                            0     0      0       0
 ---------------------------------------------------------------------------------
 (1) _ClockSetup                                           0     0      0       0
 ---------------------------------------------------------------------------------
 Estimated maximum stack depth 1
 ---------------------------------------------------------------------------------

 Call Graph Graphs:

 _main (ROOT)
   _ClockSetup
   _GpioSetup
   _SysTickSetup
   _SystemSleep
   _TimeXus
   _UserAppInitialize
   _UserAppRun

 Address spaces:
Name               Size   Autos  Total    Cost      Usage
BIGRAM            20FF      0       0      71        0.0%
EEDATA             400      0       0       0        0.0%
BITBANK37          100      0       0      70        0.0%
BANK37             100      0       0      68        0.0%
BITBANK36          100      0       0      66        0.0%
BANK36             100      0       0      67        0.0%
BITBANK35          100      0       0      64        0.0%
BANK35             100      0       0      65        0.0%
BITBANK34          100      0       0      62        0.0%
BANK34             100      0       0      63        0.0%
BITBANK33          100      0       0      60        0.0%
BANK33             100      0       0      61        0.0%
BITBANK32          100      0       0      58        0.0%
BANK32             100      0       0      59        0.0%
BITBANK31          100      0       0      56        0.0%
BANK31             100      0       0      57        0.0%
BITBANK30          100      0       0      54        0.0%
BANK30             100      0       0      55        0.0%
BITBANK29          100      0       0      52        0.0%
BANK29             100      0       0      53        0.0%
BITBANK28          100      0       0      50        0.0%
BANK28             100      0       0      51        0.0%
BITBANK27          100      0       0      48        0.0%
BANK27             100      0       0      49        0.0%
BITBANK26          100      0       0      46        0.0%
BANK26             100      0       0      47        0.0%
BITBANK25          100      0       0      44        0.0%
BANK25             100      0       0      45        0.0%
BITBANK24          100      0       0      42        0.0%
BANK24             100      0       0      43        0.0%
BITBANK23          100      0       0      40        0.0%
BANK23             100      0       0      41        0.0%
BITBANK22          100      0       0      38        0.0%
BANK22             100      0       0      39        0.0%
BITBANK21          100      0       0      36        0.0%
BANK21             100      0       0      37        0.0%
BITBANK20          100      0       0      34        0.0%
BANK20             100      0       0      35        0.0%
BITBANK19          100      0       0      32        0.0%
BANK19             100      0       0      33        0.0%
BITBANK18          100      0       0      30        0.0%
BANK18             100      0       0      31        0.0%
BITBANK17          100      0       0      28        0.0%
BANK17             100      0       0      29        0.0%
BITBANK16          100      0       0      26        0.0%
BANK16             100      0       0      27        0.0%
BITBANK15          100      0       0      24        0.0%
BANK15             100      0       0      25        0.0%
BITBANK14          100      0       0      22        0.0%
BANK14             100      0       0      23        0.0%
BITBANK13          100      0       0      20        0.0%
BANK13             100      0       0      21        0.0%
BITBANK12          100      0       0      18        0.0%
BANK12             100      0       0      19        0.0%
BITBANK11          100      0       0      16        0.0%
BANK11             100      0       0      17        0.0%
BITBANK10          100      0       0      14        0.0%
BANK10             100      0       0      15        0.0%
BITBANK9           100      0       0      12        0.0%
BANK9              100      0       0      13        0.0%
BITBANK8           100      0       0      10        0.0%
BANK8              100      0       0      11        0.0%
BITBANK7           100      0       0       8        0.0%
BANK7              100      0       0       9        0.0%
BITBANK6           100      0       0       6        0.0%
BANK6              100      0       0       7        0.0%
BITBANK5            A0      0       0       4        0.0%
BANK5               A0      0       0       5        0.0%
BITCOMRAM           5F      0       0       0        0.0%
COMRAM              5F      7      1D       1       30.5%
BITSFR_5             0      0       0     200        0.0%
SFR_5                0      0       0     200        0.0%
BITSFR_4             0      0       0     200        0.0%
SFR_4                0      0       0     200        0.0%
BITSFR_3             0      0       0     200        0.0%
SFR_3                0      0       0     200        0.0%
BITSFR_2             0      0       0     200        0.0%
SFR_2                0      0       0     200        0.0%
BITSFR_1             0      0       0     200        0.0%
SFR_1                0      0       0     200        0.0%
BITSFR               0      0       0     200        0.0%
SFR                  0      0       0     200        0.0%
STACK                0      0       0       2        0.0%
NULL                 0      0       0       0        0.0%
ABS                  0      0      1D      69        0.0%
DATA                 0      0      1D       3        0.0%
CODE                 0      0       0       0        0.0%


Microchip Technology PIC18 Macro Assembler V2.31 build 20201012212115 
Symbol Table                                                                                   Thu Mar 11 02:51:06 2021

     __size_of_SysTickSetup 0022                          l13 FEB4                          l22 FEB6  
                        l16 FECC                          l19 FF1A                          l52 FF76  
                        l74 FEDC                          l77 FEF8                          l88 FFFA  
                        u11 FF98                          u20 FFBA                          u21 FFB6  
                        u30 FFF6                          u31 FFF2                          u50 FF84  
                        u51 FF80                         l830 FEEA                         l824 FEFA  
                       l832 FEF0                         l840 FF50                         l834 FEF4  
                       l826 FEDE                         l770 FF8E                         l850 FF64  
                       l842 FF54                         l764 FEBE                         l836 FEF6  
                       l828 FEE2                         l780 FFC8                         l772 FFA0  
                       l852 FF66                         l844 FF58                         l790 FFF6  
                       l782 FFCC                         l774 FFA4                         l854 FF6A  
                       l846 FF5C                         l838 FF4E                         l768 FECE  
                       l784 FFDC                         l776 FFBA                         l856 FF84  
                       l848 FF60                         l786 FFE2                         l778 FFC2  
                       l788 FFE4                         wreg 0004E8                        _LATA 0004BE  
                      _PIR3 0004B1                        _main FF4E                _SysTickSetup FEFA  
                      indf2 0004DF                        fsr1l 0004E1                        fsr2l 0004D9  
                      start FFFC        __size_of_SystemSleep 0002                ___param_bank 000000  
                _ClockSetup FEB4             __end_of_TimeXus FEFA                       ?_main 0511  
                     _TMR0H 000319                       _TMR0L 000318                       _TRISA 0004C6  
                     tablat 0004F5                       plusw1 0004E3                       plusw2 0004DB  
                     status 0004D8             TimeXus@u16Timer 0513             TimeXus@u16usecs 0511  
           __initialization FF1C                __end_of_main FF8E                      ??_main 0518  
             __activetblptr 000000                      _ANSELA 000400                      _T0CON0 00031A  
                    _T0CON1 00031B          __size_of_GpioSetup 0010                   ??_TimeXus 0513  
               ?_ClockSetup 0511                      clear_0 FF42                __pdataCOMRAM 0518  
                    tblptrh 0004F7                      tblptrl 0004F6                      tblptru 0004F8  
                _UserAppRun FF8E                  __accesstop 0560     __end_of__initialization FF48  
             ___rparam_used 000001            _G_u8UserAppFlags 0510              __pcstackCOMRAM 0511  
         __end_of_GpioSetup FECE         __size_of_ClockSetup 0002          UserAppRun@LEDindex 050F  
               ?_UserAppRun 0511               ??_SystemSleep 0511                     __Hparam 0000  
                   __Lparam 0000                     _TimeXus FEDE                     __pcinit FF1C  
                   __ramtop 2600                     __ptext0 FF4E                     __ptext1 FF8E  
                   __ptext2 FECE                     __ptext3 FEDE                     __ptext4 FEB6  
                   __ptext5 FEFA                     __ptext6 FEBE                     __ptext7 FEB4  
      end_of_initialization FF48            _G_u32SystemFlags 0501                     postdec1 0004E5  
                   postinc0 0004EE         __end_of_SystemSleep FEB8                ??_ClockSetup 0511  
       __size_of_UserAppRun 006E        UserAppRun@u16Counter 050D          __end_of_ClockSetup FEB6  
             __pidataCOMRAM FEB8                   _GpioSetup FEBE         start_initialization FF1C  
             ?_SysTickSetup 0511                 _SystemSleep FEB6                  ?_GpioSetup 0511  
               __pbssCOMRAM 0501           _UserAppInitialize FECE                ??_UserAppRun 0511  
      UserAppRun@au8Pattern 0511          ?_UserAppInitialize 0511              ??_SysTickSetup 0511  
       ??_UserAppInitialize 0511                    ?_TimeXus 0511          __end_of_UserAppRun FFFC  
 __end_of_UserAppInitialize FEDE                 ??_GpioSetup 0511                   copy_data0 FF30  
                  __Hrparam 0000                    __Lrparam 0000            __size_of_TimeXus 001C  
          UserAppRun@F15927 0518        __end_of_SysTickSetup FF1C  __size_of_UserAppInitialize 0010  
          UserAppRun@u8Temp 0517               __size_of_main 0040                ?_SystemSleep 0511  
        _G_u32SystemTime1ms 0509           _G_u32SystemTime1s 0505  
