

Microchip MPLAB XC8 Assembler V2.31 build 20201012212115 
                                                                                               Thu Mar 11 00:15:42 2021

Microchip MPLAB XC8 C Compiler v2.31 (Free license) build 20201012212115 Og1 
     1                           	processor	18F27Q43
     2                           	fnconf	rparam,??,?,0
     3                           	pagewidth 120
     4                           	opt	flic
     5                           	psect	cinit,global,reloc=2,class=CODE,delta=1
     6                           	psect	bssCOMRAM,global,class=COMRAM,space=1,delta=1,lowdata,noexec
     7                           	psect	cstackCOMRAM,global,class=COMRAM,space=1,delta=1,lowdata,noexec
     8                           	psect	text0,global,reloc=2,class=CODE,delta=1
     9                           	psect	text1,global,reloc=2,class=CODE,delta=1
    10                           	psect	text2,global,reloc=2,class=CODE,delta=1
    11                           	psect	text3,global,reloc=2,class=CODE,delta=1
    12                           	psect	text4,global,reloc=2,class=CODE,delta=1
    13                           	psect	text5,global,reloc=2,class=CODE,delta=1
    14                           	psect	text6,global,reloc=2,class=CODE,delta=1
    15                           	psect	intsave_regs,global,class=BIGRAM,space=1,delta=1,noexec
    16                           	psect	rparam,global,class=COMRAM,space=1,delta=1,noexec
    17                           	psect	idloc,global,abs,ovrld,class=IDLOC,space=5,delta=1,noexec
    18                           	psect	config,global,abs,ovrld,class=CONFIG,space=4,delta=1,noexec
    19  0000                     
    20                           ; Version 2.30
    21                           ; Generated 20/08/2020 GMT
    22                           ; 
    23                           ; Copyright © 2020, Microchip Technology Inc. and its subsidiaries ("Microchip")
    24                           ; All rights reserved.
    25                           ; 
    26                           ; This software is developed by Microchip Technology Inc. and its subsidiaries ("Microch
      +                          ip").
    27                           ; 
    28                           ; Redistribution and use in source and binary forms, with or without modification, are
    29                           ; permitted provided that the following conditions are met:
    30                           ; 
    31                           ;     1. Redistributions of source code must retain the above copyright notice, this lis
      +                          t of
    32                           ;        conditions and the following disclaimer.
    33                           ; 
    34                           ;     2. Redistributions in binary form must reproduce the above copyright notice, this 
      +                          list
    35                           ;        of conditions and the following disclaimer in the documentation and/or other
    36                           ;        materials provided with the distribution. Publication is not required when
    37                           ;        this file is used in an embedded application.
    38                           ; 
    39                           ;     3. Microchip's name may not be used to endorse or promote products derived from th
      +                          is
    40                           ;        software without specific prior written permission.
    41                           ; 
    42                           ; THIS SOFTWARE IS PROVIDED BY MICROCHIP "AS IS" AND ANY EXPRESS OR IMPLIED WARRANTIES,
    43                           ; INCLUDING, BUT NOT LIMITED TO, THE IMPLIED WARRANTIES OF MERCHANTABILITY AND FITNESS F
      +                          OR
    44                           ; PURPOSE ARE DISCLAIMED.  IN NO EVENT SHALL MICROCHIP BE LIABLE FOR ANY DIRECT, INDIREC
      +                          T,
    45                           ; INCIDENTAL, SPECIAL, EXEMPLARY, OR CONSEQUENTIAL DAMAGES (INCLUDING BUT NOT LIMITED TO
    46                           ; PROCUREMENT OF SUBSTITUTE GOODS OR SERVICES; LOSS OF USE, DATA OR PROFITS; OR BUSINESS
    47                           ; INTERRUPTION) HOWSOEVER CAUSED AND ON ANY THEORY OF LIABILITY, WHETHER IN CONTRACT, ST
      +                          RICT
    48                           ; LIABILITY, OR TORT (INCLUDING NEGLIGENCE OR OTHERWISE) ARISING IN ANY WAY OUT OF THE U
      +                          SE OF
    49                           ; THIS SOFTWARE, EVEN IF ADVISED OF THE POSSIBILITY OF SUCH DAMAGE.
    50                           ; 
    51                           ; 
    52                           ; Code-generator required, PIC18F27Q43 Definitions
    53                           ; 
    54                           ; SFR Addresses
    55  0000                     _ANSELA	set	1024
    56  0000                     _TRISA	set	1222
    57  0000                     _LATA	set	1214
    58                           
    59                           ; #config settings
    60                           
    61                           	psect	cinit
    62  01FED8                     __pcinit:
    63                           	callstack 0
    64  01FED8                     start_initialization:
    65                           	callstack 0
    66  01FED8                     __initialization:
    67                           	callstack 0
    68                           
    69                           ; Clear objects allocated to COMRAM (13 bytes)
    70  01FED8  EE01  F101         	lfsr	0,__pbssCOMRAM
    71  01FEDC  0E0D               	movlw	13
    72  01FEDE                     clear_0:
    73  01FEDE  6AEE               	clrf	postinc0,c
    74  01FEE0  06E8               	decf	wreg,f,c
    75  01FEE2  E1FD               	bnz	clear_0
    76  01FEE4                     end_of_initialization:
    77                           	callstack 0
    78  01FEE4                     __end_of__initialization:
    79                           	callstack 0
    80  01FEE4  0100               	movlb	0
    81  01FEE6  EF86  F0FF         	goto	_main	;jump to C main() function
    82                           
    83                           	psect	bssCOMRAM
    84  000501                     __pbssCOMRAM:
    85                           	callstack 0
    86  000501                     _G_u32SystemFlags:
    87                           	callstack 0
    88  000501                     	ds	4
    89  000505                     _G_u32SystemTime1s:
    90                           	callstack 0
    91  000505                     	ds	4
    92  000509                     _G_u32SystemTime1ms:
    93                           	callstack 0
    94  000509                     	ds	4
    95  00050D                     _G_u8UserAppFlags:
    96                           	callstack 0
    97  00050D                     	ds	1
    98                           
    99                           	psect	cstackCOMRAM
   100  00050E                     __pcstackCOMRAM:
   101                           	callstack 0
   102  00050E                     UserAppRun@u32Counter:
   103                           	callstack 0
   104                           
   105                           ; 4 bytes @ 0x0
   106  00050E                     	ds	4
   107  000512                     UserAppRun@u8Sum:
   108                           	callstack 0
   109                           
   110                           ; 1 bytes @ 0x4
   111  000512                     	ds	1
   112  000513                     UserAppRun@u8Carry:
   113                           	callstack 0
   114                           
   115                           ; 1 bytes @ 0x5
   116  000513                     	ds	1
   117  000514                     UserAppRun@u8Inc:
   118                           	callstack 0
   119                           
   120                           ; 1 bytes @ 0x6
   121  000514                     	ds	1
   122  000515                     UserAppRun@u8Temp:
   123                           	callstack 0
   124                           
   125                           ; 1 bytes @ 0x7
   126  000515                     	ds	1
   127  000516                     
   128                           ; 1 bytes @ 0x8
   129 ;;
   130 ;;Main: autosize = 0, tempsize = 0, incstack = 0, save=0
   131 ;;
   132 ;; *************** function _main *****************
   133 ;; Defined at:
   134 ;;		line 35 in file "main.c"
   135 ;; Parameters:    Size  Location     Type
   136 ;;		None
   137 ;; Auto vars:     Size  Location     Type
   138 ;;		None
   139 ;; Return value:  Size  Location     Type
   140 ;;                  1    wreg      void 
   141 ;; Registers used:
   142 ;;		wreg, status,2, status,0, cstack
   143 ;; Tracked objects:
   144 ;;		On entry : 0/0
   145 ;;		On exit  : 0/0
   146 ;;		Unchanged: 0/0
   147 ;; Data sizes:     COMRAM   BANK5   BANK6   BANK7   BANK8   BANK9  BANK10  BANK11  BANK12  BANK13  BANK14  BANK15  BANK1
      +6  BANK17  BANK18  BANK19  BANK20  BANK21  BANK22  BANK23  BANK24  BANK25  BANK26  BANK27  BANK28  BANK29  BANK30  BANK3
      +1  BANK32  BANK33  BANK34  BANK35  BANK36  BANK37
   148 ;;      Params:         0       0       0       0       0       0       0       0       0       0       0       0       
      +0       0       0       0       0       0       0       0       0       0       0       0       0       0       0       
      +0       0       0       0       0       0       0
   149 ;;      Locals:         0       0       0       0       0       0       0       0       0       0       0       0       
      +0       0       0       0       0       0       0       0       0       0       0       0       0       0       0       
      +0       0       0       0       0       0       0
   150 ;;      Temps:          0       0       0       0       0       0       0       0       0       0       0       0       
      +0       0       0       0       0       0       0       0       0       0       0       0       0       0       0       
      +0       0       0       0       0       0       0
   151 ;;      Totals:         0       0       0       0       0       0       0       0       0       0       0       0       
      +0       0       0       0       0       0       0       0       0       0       0       0       0       0       0       
      +0       0       0       0       0       0       0
   152 ;;Total ram usage:        0 bytes
   153 ;; Hardware stack levels required when called:    1
   154 ;; This function calls:
   155 ;;		_ClockSetup
   156 ;;		_GpioSetup
   157 ;;		_SysTickSetup
   158 ;;		_SystemSleep
   159 ;;		_UserAppInitialize
   160 ;;		_UserAppRun
   161 ;; This function is called by:
   162 ;;		Startup code after reset
   163 ;; This function uses a non-reentrant model
   164 ;;
   165                           
   166                           	psect	text0
   167  01FF0C                     __ptext0:
   168                           	callstack 0
   169  01FF0C                     _main:
   170                           	callstack 127
   171  01FF0C                     
   172                           ;main.c: 37:   G_u32SystemFlags |= (u32)0x80000000;
   173  01FF0C  8E04               	bsf	(_G_u32SystemFlags+3)^(0+1280),7,c	;volatile
   174  01FF0E                     
   175                           ;main.c: 40:   ClockSetup();
   176  01FF0E  EC61  F0FF         	call	_ClockSetup	;wreg free
   177  01FF12                     
   178                           ;main.c: 41:   SysTickSetup();
   179  01FF12  EC75  F0FF         	call	_SysTickSetup	;wreg free
   180  01FF16                     
   181                           ;main.c: 42:   GpioSetup();
   182  01FF16  EC64  F0FF         	call	_GpioSetup	;wreg free
   183  01FF1A                     
   184                           ;main.c: 47:   UserAppInitialize();
   185  01FF1A  EC63  F0FF         	call	_UserAppInitialize	;wreg free
   186  01FF1E                     l798:
   187                           
   188                           ;main.c: 53:   {;main.c: 57:     UserAppRun();
   189  01FF1E  EC97  F0FF         	call	_UserAppRun	;wreg free
   190  01FF22                     
   191                           ;main.c: 62:     SystemSleep();
   192  01FF22  EC62  F0FF         	call	_SystemSleep	;wreg free
   193  01FF26  EF8F  F0FF         	goto	l798
   194  01FF2A  EFFE  F0FF         	goto	start
   195  01FF2E                     __end_of_main:
   196                           	callstack 0
   197                           
   198 ;; *************** function _UserAppRun *****************
   199 ;; Defined at:
   200 ;;		line 95 in file "user_app.c"
   201 ;; Parameters:    Size  Location     Type
   202 ;;		None
   203 ;; Auto vars:     Size  Location     Type
   204 ;;  u32Counter      4    0[COMRAM] unsigned long 
   205 ;;  u8Temp          1    7[COMRAM] unsigned char 
   206 ;;  u8Inc           1    6[COMRAM] unsigned char 
   207 ;;  u8Carry         1    5[COMRAM] unsigned char 
   208 ;;  u8Sum           1    4[COMRAM] unsigned char 
   209 ;; Return value:  Size  Location     Type
   210 ;;                  1    wreg      void 
   211 ;; Registers used:
   212 ;;		wreg, status,2, status,0
   213 ;; Tracked objects:
   214 ;;		On entry : 0/0
   215 ;;		On exit  : 0/0
   216 ;;		Unchanged: 0/0
   217 ;; Data sizes:     COMRAM   BANK5   BANK6   BANK7   BANK8   BANK9  BANK10  BANK11  BANK12  BANK13  BANK14  BANK15  BANK1
      +6  BANK17  BANK18  BANK19  BANK20  BANK21  BANK22  BANK23  BANK24  BANK25  BANK26  BANK27  BANK28  BANK29  BANK30  BANK3
      +1  BANK32  BANK33  BANK34  BANK35  BANK36  BANK37
   218 ;;      Params:         0       0       0       0       0       0       0       0       0       0       0       0       
      +0       0       0       0       0       0       0       0       0       0       0       0       0       0       0       
      +0       0       0       0       0       0       0
   219 ;;      Locals:         8       0       0       0       0       0       0       0       0       0       0       0       
      +0       0       0       0       0       0       0       0       0       0       0       0       0       0       0       
      +0       0       0       0       0       0       0
   220 ;;      Temps:          0       0       0       0       0       0       0       0       0       0       0       0       
      +0       0       0       0       0       0       0       0       0       0       0       0       0       0       0       
      +0       0       0       0       0       0       0
   221 ;;      Totals:         8       0       0       0       0       0       0       0       0       0       0       0       
      +0       0       0       0       0       0       0       0       0       0       0       0       0       0       0       
      +0       0       0       0       0       0       0
   222 ;;Total ram usage:        8 bytes
   223 ;; Hardware stack levels used:    1
   224 ;; This function calls:
   225 ;;		Nothing
   226 ;; This function is called by:
   227 ;;		_main
   228 ;; This function uses a non-reentrant model
   229 ;;
   230                           
   231                           	psect	text1
   232  01FF2E                     __ptext1:
   233                           	callstack 0
   234  01FF2E                     _UserAppRun:
   235                           	callstack 127
   236  01FF2E                     
   237                           ;user_app.c: 97:     u32 u32Counter = 400000;
   238  01FF2E  0E80               	movlw	128
   239  01FF30  6E0E               	movwf	UserAppRun@u32Counter^(0+1280),c
   240  01FF32  0E1A               	movlw	26
   241  01FF34  6E0F               	movwf	(UserAppRun@u32Counter+1)^(0+1280),c
   242  01FF36  0E06               	movlw	6
   243  01FF38  6E10               	movwf	(UserAppRun@u32Counter+2)^(0+1280),c
   244  01FF3A  0E00               	movlw	0
   245  01FF3C  6E11               	movwf	(UserAppRun@u32Counter+3)^(0+1280),c
   246  01FF3E                     
   247                           ;user_app.c: 98:     u8 u8Temp = LATA, u8Inc, u8Sum, u8Carry;
   248  01FF3E  0061 F2F8  F515    	movff	1214,UserAppRun@u8Temp	;volatile
   249  01FF44                     
   250                           ;user_app.c: 99:     LATA &= 0x80;
   251  01FF44  0E80               	movlw	128
   252  01FF46  16BE               	andwf	190,f,c	;volatile
   253  01FF48                     
   254                           ;user_app.c: 101:     u8Sum = u8Temp ^ u8Inc;
   255  01FF48  5015               	movf	UserAppRun@u8Temp^(0+1280),w,c
   256  01FF4A  0A01               	xorlw	1
   257  01FF4C  6E12               	movwf	UserAppRun@u8Sum^(0+1280),c
   258                           
   259                           ;user_app.c: 102:     u8Carry = u8Temp & u8Inc;
   260  01FF4E  5015               	movf	UserAppRun@u8Temp^(0+1280),w,c
   261  01FF50  0B01               	andlw	1
   262  01FF52  6E13               	movwf	UserAppRun@u8Carry^(0+1280),c
   263                           
   264                           ;user_app.c: 104:     while (u8Carry != 0){
   265  01FF54  EFB9  F0FF         	goto	l762
   266  01FF58                     l756:
   267                           
   268                           ;user_app.c: 105:         u8Carry = u8Carry << 1;
   269  01FF58  5013               	movf	UserAppRun@u8Carry^(0+1280),w,c
   270  01FF5A  2413               	addwf	UserAppRun@u8Carry^(0+1280),w,c
   271  01FF5C  6E13               	movwf	UserAppRun@u8Carry^(0+1280),c
   272  01FF5E                     
   273                           ;user_app.c: 106:         u8Temp = u8Sum;
   274  01FF5E  C512  F515         	movff	UserAppRun@u8Sum,UserAppRun@u8Temp
   275  01FF62                     
   276                           ;user_app.c: 107:         u8Inc = u8Carry;
   277  01FF62  C513  F514         	movff	UserAppRun@u8Carry,UserAppRun@u8Inc
   278                           
   279                           ;user_app.c: 108:         u8Sum = u8Temp ^ u8Inc;
   280  01FF66  5015               	movf	UserAppRun@u8Temp^(0+1280),w,c
   281  01FF68  1814               	xorwf	UserAppRun@u8Inc^(0+1280),w,c
   282  01FF6A  6E12               	movwf	UserAppRun@u8Sum^(0+1280),c
   283                           
   284                           ;user_app.c: 109:         u8Carry = u8Temp & u8Inc;
   285  01FF6C  5015               	movf	UserAppRun@u8Temp^(0+1280),w,c
   286  01FF6E  1414               	andwf	UserAppRun@u8Inc^(0+1280),w,c
   287  01FF70  6E13               	movwf	UserAppRun@u8Carry^(0+1280),c
   288  01FF72                     l762:
   289                           
   290                           ;user_app.c: 104:     while (u8Carry != 0){
   291  01FF72  5013               	movf	UserAppRun@u8Carry^(0+1280),w,c
   292  01FF74  A4D8               	btfss	status,2,c
   293  01FF76  EFBF  F0FF         	goto	u11
   294  01FF7A  EFC1  F0FF         	goto	u10
   295  01FF7E                     u11:
   296  01FF7E  EFAC  F0FF         	goto	l756
   297  01FF82                     u10:
   298  01FF82                     
   299                           ;user_app.c: 111:     u8Temp = u8Sum;
   300  01FF82  C512  F515         	movff	UserAppRun@u8Sum,UserAppRun@u8Temp
   301                           
   302                           ;user_app.c: 112:     LATA = u8Sum;
   303  01FF86  0061  F448  F4BE   	movff	UserAppRun@u8Sum,1214	;volatile
   304                           
   305                           ;user_app.c: 114:     while (u32Counter > 0) {
   306  01FF8C  EFCD  F0FF         	goto	l61
   307  01FF90                     l764:
   308                           
   309                           ;user_app.c: 115:         u32Counter -= 1;
   310  01FF90  060E               	decf	UserAppRun@u32Counter^(0+1280),f,c
   311  01FF92  0E00               	movlw	0
   312  01FF94  5A0F               	subwfb	(UserAppRun@u32Counter+1)^(0+1280),f,c
   313  01FF96  5A10               	subwfb	(UserAppRun@u32Counter+2)^(0+1280),f,c
   314  01FF98  5A11               	subwfb	(UserAppRun@u32Counter+3)^(0+1280),f,c
   315  01FF9A                     l61:
   316                           
   317                           ;user_app.c: 114:     while (u32Counter > 0) {
   318  01FF9A  500E               	movf	UserAppRun@u32Counter^(0+1280),w,c
   319  01FF9C  100F               	iorwf	(UserAppRun@u32Counter+1)^(0+1280),w,c
   320  01FF9E  1010               	iorwf	(UserAppRun@u32Counter+2)^(0+1280),w,c
   321  01FFA0  1011               	iorwf	(UserAppRun@u32Counter+3)^(0+1280),w,c
   322  01FFA2  A4D8               	btfss	status,2,c
   323  01FFA4  EFD6  F0FF         	goto	u21
   324  01FFA8  EFD8  F0FF         	goto	u20
   325  01FFAC                     u21:
   326  01FFAC  EFC8  F0FF         	goto	l764
   327  01FFB0                     u20:
   328  01FFB0                     
   329                           ;user_app.c: 118:     if (u8Temp == 0xBF) {
   330  01FFB0  0EBF               	movlw	191
   331  01FFB2  1815               	xorwf	UserAppRun@u8Temp^(0+1280),w,c
   332  01FFB4  A4D8               	btfss	status,2,c
   333  01FFB6  EFDF  F0FF         	goto	u31
   334  01FFBA  EFE1  F0FF         	goto	u30
   335  01FFBE                     u31:
   336  01FFBE  EFFD  F0FF         	goto	l68
   337  01FFC2                     u30:
   338  01FFC2                     
   339                           ;user_app.c: 119:         LATA = 0x80;
   340  01FFC2  0E80               	movlw	128
   341  01FFC4  6EBE               	movwf	190,c	;volatile
   342                           
   343                           ;user_app.c: 120:         u32Counter = 400000;
   344  01FFC6  0E80               	movlw	128
   345  01FFC8  6E0E               	movwf	UserAppRun@u32Counter^(0+1280),c
   346  01FFCA  0E1A               	movlw	26
   347  01FFCC  6E0F               	movwf	(UserAppRun@u32Counter+1)^(0+1280),c
   348  01FFCE  0E06               	movlw	6
   349  01FFD0  6E10               	movwf	(UserAppRun@u32Counter+2)^(0+1280),c
   350  01FFD2  0E00               	movlw	0
   351  01FFD4  6E11               	movwf	(UserAppRun@u32Counter+3)^(0+1280),c
   352                           
   353                           ;user_app.c: 121:         while (u32Counter > 0) {
   354  01FFD6  EFF2  F0FF         	goto	l65
   355  01FFDA                     l770:
   356                           
   357                           ;user_app.c: 122:             u32Counter -= 1;
   358  01FFDA  060E               	decf	UserAppRun@u32Counter^(0+1280),f,c
   359  01FFDC  0E00               	movlw	0
   360  01FFDE  5A0F               	subwfb	(UserAppRun@u32Counter+1)^(0+1280),f,c
   361  01FFE0  5A10               	subwfb	(UserAppRun@u32Counter+2)^(0+1280),f,c
   362  01FFE2  5A11               	subwfb	(UserAppRun@u32Counter+3)^(0+1280),f,c
   363  01FFE4                     l65:
   364                           
   365                           ;user_app.c: 121:         while (u32Counter > 0) {
   366  01FFE4  500E               	movf	UserAppRun@u32Counter^(0+1280),w,c
   367  01FFE6  100F               	iorwf	(UserAppRun@u32Counter+1)^(0+1280),w,c
   368  01FFE8  1010               	iorwf	(UserAppRun@u32Counter+2)^(0+1280),w,c
   369  01FFEA  1011               	iorwf	(UserAppRun@u32Counter+3)^(0+1280),w,c
   370  01FFEC  A4D8               	btfss	status,2,c
   371  01FFEE  EFFB  F0FF         	goto	u41
   372  01FFF2  EFFD  F0FF         	goto	u40
   373  01FFF6                     u41:
   374  01FFF6  EFED  F0FF         	goto	l770
   375  01FFFA                     u40:
   376  01FFFA                     l68:
   377  01FFFA  0012               	return		;funcret
   378  01FFFC                     __end_of_UserAppRun:
   379                           	callstack 0
   380                           
   381 ;; *************** function _UserAppInitialize *****************
   382 ;; Defined at:
   383 ;;		line 76 in file "user_app.c"
   384 ;; Parameters:    Size  Location     Type
   385 ;;		None
   386 ;; Auto vars:     Size  Location     Type
   387 ;;		None
   388 ;; Return value:  Size  Location     Type
   389 ;;                  1    wreg      void 
   390 ;; Registers used:
   391 ;;		None
   392 ;; Tracked objects:
   393 ;;		On entry : 0/0
   394 ;;		On exit  : 0/0
   395 ;;		Unchanged: 0/0
   396 ;; Data sizes:     COMRAM   BANK5   BANK6   BANK7   BANK8   BANK9  BANK10  BANK11  BANK12  BANK13  BANK14  BANK15  BANK1
      +6  BANK17  BANK18  BANK19  BANK20  BANK21  BANK22  BANK23  BANK24  BANK25  BANK26  BANK27  BANK28  BANK29  BANK30  BANK3
      +1  BANK32  BANK33  BANK34  BANK35  BANK36  BANK37
   397 ;;      Params:         0       0       0       0       0       0       0       0       0       0       0       0       
      +0       0       0       0       0       0       0       0       0       0       0       0       0       0       0       
      +0       0       0       0       0       0       0
   398 ;;      Locals:         0       0       0       0       0       0       0       0       0       0       0       0       
      +0       0       0       0       0       0       0       0       0       0       0       0       0       0       0       
      +0       0       0       0       0       0       0
   399 ;;      Temps:          0       0       0       0       0       0       0       0       0       0       0       0       
      +0       0       0       0       0       0       0       0       0       0       0       0       0       0       0       
      +0       0       0       0       0       0       0
   400 ;;      Totals:         0       0       0       0       0       0       0       0       0       0       0       0       
      +0       0       0       0       0       0       0       0       0       0       0       0       0       0       0       
      +0       0       0       0       0       0       0
   401 ;;Total ram usage:        0 bytes
   402 ;; Hardware stack levels used:    1
   403 ;; This function calls:
   404 ;;		Nothing
   405 ;; This function is called by:
   406 ;;		_main
   407 ;; This function uses a non-reentrant model
   408 ;;
   409                           
   410                           	psect	text2
   411  01FEC6                     __ptext2:
   412                           	callstack 0
   413  01FEC6                     _UserAppInitialize:
   414                           	callstack 127
   415  01FEC6  0012               	return		;funcret
   416  01FEC8                     __end_of_UserAppInitialize:
   417                           	callstack 0
   418                           
   419 ;; *************** function _SystemSleep *****************
   420 ;; Defined at:
   421 ;;		line 132 in file "encm369_pic18.c"
   422 ;; Parameters:    Size  Location     Type
   423 ;;		None
   424 ;; Auto vars:     Size  Location     Type
   425 ;;		None
   426 ;; Return value:  Size  Location     Type
   427 ;;                  1    wreg      void 
   428 ;; Registers used:
   429 ;;		None
   430 ;; Tracked objects:
   431 ;;		On entry : 0/0
   432 ;;		On exit  : 0/0
   433 ;;		Unchanged: 0/0
   434 ;; Data sizes:     COMRAM   BANK5   BANK6   BANK7   BANK8   BANK9  BANK10  BANK11  BANK12  BANK13  BANK14  BANK15  BANK1
      +6  BANK17  BANK18  BANK19  BANK20  BANK21  BANK22  BANK23  BANK24  BANK25  BANK26  BANK27  BANK28  BANK29  BANK30  BANK3
      +1  BANK32  BANK33  BANK34  BANK35  BANK36  BANK37
   435 ;;      Params:         0       0       0       0       0       0       0       0       0       0       0       0       
      +0       0       0       0       0       0       0       0       0       0       0       0       0       0       0       
      +0       0       0       0       0       0       0
   436 ;;      Locals:         0       0       0       0       0       0       0       0       0       0       0       0       
      +0       0       0       0       0       0       0       0       0       0       0       0       0       0       0       
      +0       0       0       0       0       0       0
   437 ;;      Temps:          0       0       0       0       0       0       0       0       0       0       0       0       
      +0       0       0       0       0       0       0       0       0       0       0       0       0       0       0       
      +0       0       0       0       0       0       0
   438 ;;      Totals:         0       0       0       0       0       0       0       0       0       0       0       0       
      +0       0       0       0       0       0       0       0       0       0       0       0       0       0       0       
      +0       0       0       0       0       0       0
   439 ;;Total ram usage:        0 bytes
   440 ;; Hardware stack levels used:    1
   441 ;; This function calls:
   442 ;;		Nothing
   443 ;; This function is called by:
   444 ;;		_main
   445 ;; This function uses a non-reentrant model
   446 ;;
   447                           
   448                           	psect	text3
   449  01FEC4                     __ptext3:
   450                           	callstack 0
   451  01FEC4                     _SystemSleep:
   452                           	callstack 127
   453  01FEC4  0012               	return		;funcret
   454  01FEC6                     __end_of_SystemSleep:
   455                           	callstack 0
   456                           
   457 ;; *************** function _SysTickSetup *****************
   458 ;; Defined at:
   459 ;;		line 110 in file "encm369_pic18.c"
   460 ;; Parameters:    Size  Location     Type
   461 ;;		None
   462 ;; Auto vars:     Size  Location     Type
   463 ;;		None
   464 ;; Return value:  Size  Location     Type
   465 ;;                  1    wreg      void 
   466 ;; Registers used:
   467 ;;		wreg, status,2
   468 ;; Tracked objects:
   469 ;;		On entry : 0/0
   470 ;;		On exit  : 0/0
   471 ;;		Unchanged: 0/0
   472 ;; Data sizes:     COMRAM   BANK5   BANK6   BANK7   BANK8   BANK9  BANK10  BANK11  BANK12  BANK13  BANK14  BANK15  BANK1
      +6  BANK17  BANK18  BANK19  BANK20  BANK21  BANK22  BANK23  BANK24  BANK25  BANK26  BANK27  BANK28  BANK29  BANK30  BANK3
      +1  BANK32  BANK33  BANK34  BANK35  BANK36  BANK37
   473 ;;      Params:         0       0       0       0       0       0       0       0       0       0       0       0       
      +0       0       0       0       0       0       0       0       0       0       0       0       0       0       0       
      +0       0       0       0       0       0       0
   474 ;;      Locals:         0       0       0       0       0       0       0       0       0       0       0       0       
      +0       0       0       0       0       0       0       0       0       0       0       0       0       0       0       
      +0       0       0       0       0       0       0
   475 ;;      Temps:          0       0       0       0       0       0       0       0       0       0       0       0       
      +0       0       0       0       0       0       0       0       0       0       0       0       0       0       0       
      +0       0       0       0       0       0       0
   476 ;;      Totals:         0       0       0       0       0       0       0       0       0       0       0       0       
      +0       0       0       0       0       0       0       0       0       0       0       0       0       0       0       
      +0       0       0       0       0       0       0
   477 ;;Total ram usage:        0 bytes
   478 ;; Hardware stack levels used:    1
   479 ;; This function calls:
   480 ;;		Nothing
   481 ;; This function is called by:
   482 ;;		_main
   483 ;; This function uses a non-reentrant model
   484 ;;
   485                           
   486                           	psect	text4
   487  01FEEA                     __ptext4:
   488                           	callstack 0
   489  01FEEA                     _SysTickSetup:
   490                           	callstack 127
   491  01FEEA                     
   492                           ;encm369_pic18.c: 112:   G_u32SystemTime1ms = 0;
   493  01FEEA  0E00               	movlw	0
   494  01FEEC  6E09               	movwf	_G_u32SystemTime1ms^(0+1280),c	;volatile
   495  01FEEE  0E00               	movlw	0
   496  01FEF0  6E0A               	movwf	(_G_u32SystemTime1ms+1)^(0+1280),c	;volatile
   497  01FEF2  0E00               	movlw	0
   498  01FEF4  6E0B               	movwf	(_G_u32SystemTime1ms+2)^(0+1280),c	;volatile
   499  01FEF6  0E00               	movlw	0
   500  01FEF8  6E0C               	movwf	(_G_u32SystemTime1ms+3)^(0+1280),c	;volatile
   501                           
   502                           ;encm369_pic18.c: 113:   G_u32SystemTime1s = 0;
   503  01FEFA  0E00               	movlw	0
   504  01FEFC  6E05               	movwf	_G_u32SystemTime1s^(0+1280),c	;volatile
   505  01FEFE  0E00               	movlw	0
   506  01FF00  6E06               	movwf	(_G_u32SystemTime1s+1)^(0+1280),c	;volatile
   507  01FF02  0E00               	movlw	0
   508  01FF04  6E07               	movwf	(_G_u32SystemTime1s+2)^(0+1280),c	;volatile
   509  01FF06  0E00               	movlw	0
   510  01FF08  6E08               	movwf	(_G_u32SystemTime1s+3)^(0+1280),c	;volatile
   511  01FF0A  0012               	return		;funcret
   512  01FF0C                     __end_of_SysTickSetup:
   513                           	callstack 0
   514                           
   515 ;; *************** function _GpioSetup *****************
   516 ;; Defined at:
   517 ;;		line 89 in file "encm369_pic18.c"
   518 ;; Parameters:    Size  Location     Type
   519 ;;		None
   520 ;; Auto vars:     Size  Location     Type
   521 ;;		None
   522 ;; Return value:  Size  Location     Type
   523 ;;                  1    wreg      void 
   524 ;; Registers used:
   525 ;;		wreg, status,2
   526 ;; Tracked objects:
   527 ;;		On entry : 0/0
   528 ;;		On exit  : 0/0
   529 ;;		Unchanged: 0/0
   530 ;; Data sizes:     COMRAM   BANK5   BANK6   BANK7   BANK8   BANK9  BANK10  BANK11  BANK12  BANK13  BANK14  BANK15  BANK1
      +6  BANK17  BANK18  BANK19  BANK20  BANK21  BANK22  BANK23  BANK24  BANK25  BANK26  BANK27  BANK28  BANK29  BANK30  BANK3
      +1  BANK32  BANK33  BANK34  BANK35  BANK36  BANK37
   531 ;;      Params:         0       0       0       0       0       0       0       0       0       0       0       0       
      +0       0       0       0       0       0       0       0       0       0       0       0       0       0       0       
      +0       0       0       0       0       0       0
   532 ;;      Locals:         0       0       0       0       0       0       0       0       0       0       0       0       
      +0       0       0       0       0       0       0       0       0       0       0       0       0       0       0       
      +0       0       0       0       0       0       0
   533 ;;      Temps:          0       0       0       0       0       0       0       0       0       0       0       0       
      +0       0       0       0       0       0       0       0       0       0       0       0       0       0       0       
      +0       0       0       0       0       0       0
   534 ;;      Totals:         0       0       0       0       0       0       0       0       0       0       0       0       
      +0       0       0       0       0       0       0       0       0       0       0       0       0       0       0       
      +0       0       0       0       0       0       0
   535 ;;Total ram usage:        0 bytes
   536 ;; Hardware stack levels used:    1
   537 ;; This function calls:
   538 ;;		Nothing
   539 ;; This function is called by:
   540 ;;		_main
   541 ;; This function uses a non-reentrant model
   542 ;;
   543                           
   544                           	psect	text5
   545  01FEC8                     __ptext5:
   546                           	callstack 0
   547  01FEC8                     _GpioSetup:
   548                           	callstack 127
   549  01FEC8                     
   550                           ;encm369_pic18.c: 91:     LATA = 0x80;
   551  01FEC8  0E80               	movlw	128
   552  01FECA  6EBE               	movwf	190,c	;volatile
   553                           
   554                           ;encm369_pic18.c: 92:     ANSELA = 0x00;
   555  01FECC  0E00               	movlw	0
   556  01FECE  0104               	movlb	4	; () banked
   557  01FED0  6F00               	movwf	0,b	;volatile
   558                           
   559                           ;encm369_pic18.c: 93:     TRISA = 0x00;
   560  01FED2  0E00               	movlw	0
   561  01FED4  6EC6               	movwf	198,c	;volatile
   562  01FED6                     
   563                           ; BSR set to: 4
   564  01FED6  0012               	return		;funcret
   565  01FED8                     __end_of_GpioSetup:
   566                           	callstack 0
   567                           
   568 ;; *************** function _ClockSetup *****************
   569 ;; Defined at:
   570 ;;		line 70 in file "encm369_pic18.c"
   571 ;; Parameters:    Size  Location     Type
   572 ;;		None
   573 ;; Auto vars:     Size  Location     Type
   574 ;;		None
   575 ;; Return value:  Size  Location     Type
   576 ;;                  1    wreg      void 
   577 ;; Registers used:
   578 ;;		None
   579 ;; Tracked objects:
   580 ;;		On entry : 0/0
   581 ;;		On exit  : 0/0
   582 ;;		Unchanged: 0/0
   583 ;; Data sizes:     COMRAM   BANK5   BANK6   BANK7   BANK8   BANK9  BANK10  BANK11  BANK12  BANK13  BANK14  BANK15  BANK1
      +6  BANK17  BANK18  BANK19  BANK20  BANK21  BANK22  BANK23  BANK24  BANK25  BANK26  BANK27  BANK28  BANK29  BANK30  BANK3
      +1  BANK32  BANK33  BANK34  BANK35  BANK36  BANK37
   584 ;;      Params:         0       0       0       0       0       0       0       0       0       0       0       0       
      +0       0       0       0       0       0       0       0       0       0       0       0       0       0       0       
      +0       0       0       0       0       0       0
   585 ;;      Locals:         0       0       0       0       0       0       0       0       0       0       0       0       
      +0       0       0       0       0       0       0       0       0       0       0       0       0       0       0       
      +0       0       0       0       0       0       0
   586 ;;      Temps:          0       0       0       0       0       0       0       0       0       0       0       0       
      +0       0       0       0       0       0       0       0       0       0       0       0       0       0       0       
      +0       0       0       0       0       0       0
   587 ;;      Totals:         0       0       0       0       0       0       0       0       0       0       0       0       
      +0       0       0       0       0       0       0       0       0       0       0       0       0       0       0       
      +0       0       0       0       0       0       0
   588 ;;Total ram usage:        0 bytes
   589 ;; Hardware stack levels used:    1
   590 ;; This function calls:
   591 ;;		Nothing
   592 ;; This function is called by:
   593 ;;		_main
   594 ;; This function uses a non-reentrant model
   595 ;;
   596                           
   597                           	psect	text6
   598  01FEC2                     __ptext6:
   599                           	callstack 0
   600  01FEC2                     _ClockSetup:
   601                           	callstack 127
   602  01FEC2  0012               	return		;funcret
   603  01FEC4                     __end_of_ClockSetup:
   604                           	callstack 0
   605  0000                     
   606                           	psect	rparam
   607  0000                     
   608                           	psect	idloc
   609                           
   610                           ;Config register IDLOC0 @ 0x200000
   611                           ;	unspecified, using default values
   612  200000                     	org	2097152
   613  200000  0FFF               	dw	4095
   614                           
   615                           ;Config register IDLOC1 @ 0x200002
   616                           ;	unspecified, using default values
   617  200002                     	org	2097154
   618  200002  0FFF               	dw	4095
   619                           
   620                           ;Config register IDLOC2 @ 0x200004
   621                           ;	unspecified, using default values
   622  200004                     	org	2097156
   623  200004  0FFF               	dw	4095
   624                           
   625                           ;Config register IDLOC3 @ 0x200006
   626                           ;	unspecified, using default values
   627  200006                     	org	2097158
   628  200006  0FFF               	dw	4095
   629                           
   630                           ;Config register IDLOC4 @ 0x200008
   631                           ;	unspecified, using default values
   632  200008                     	org	2097160
   633  200008  0FFF               	dw	4095
   634                           
   635                           ;Config register IDLOC5 @ 0x20000A
   636                           ;	unspecified, using default values
   637  20000A                     	org	2097162
   638  20000A  0FFF               	dw	4095
   639                           
   640                           ;Config register IDLOC6 @ 0x20000C
   641                           ;	unspecified, using default values
   642  20000C                     	org	2097164
   643  20000C  0FFF               	dw	4095
   644                           
   645                           ;Config register IDLOC7 @ 0x20000E
   646                           ;	unspecified, using default values
   647  20000E                     	org	2097166
   648  20000E  0FFF               	dw	4095
   649                           
   650                           ;Config register IDLOC8 @ 0x200010
   651                           ;	unspecified, using default values
   652  200010                     	org	2097168
   653  200010  0FFF               	dw	4095
   654                           
   655                           ;Config register IDLOC9 @ 0x200012
   656                           ;	unspecified, using default values
   657  200012                     	org	2097170
   658  200012  0FFF               	dw	4095
   659                           
   660                           ;Config register IDLOC10 @ 0x200014
   661                           ;	unspecified, using default values
   662  200014                     	org	2097172
   663  200014  0FFF               	dw	4095
   664                           
   665                           ;Config register IDLOC11 @ 0x200016
   666                           ;	unspecified, using default values
   667  200016                     	org	2097174
   668  200016  0FFF               	dw	4095
   669                           
   670                           ;Config register IDLOC12 @ 0x200018
   671                           ;	unspecified, using default values
   672  200018                     	org	2097176
   673  200018  0FFF               	dw	4095
   674                           
   675                           ;Config register IDLOC13 @ 0x20001A
   676                           ;	unspecified, using default values
   677  20001A                     	org	2097178
   678  20001A  0FFF               	dw	4095
   679                           
   680                           ;Config register IDLOC14 @ 0x20001C
   681                           ;	unspecified, using default values
   682  20001C                     	org	2097180
   683  20001C  0FFF               	dw	4095
   684                           
   685                           ;Config register IDLOC15 @ 0x20001E
   686                           ;	unspecified, using default values
   687  20001E                     	org	2097182
   688  20001E  0FFF               	dw	4095
   689                           
   690                           	psect	config
   691                           
   692                           ;Config register CONFIG1 @ 0x300000
   693                           ;	External Oscillator Selection
   694                           ;	FEXTOSC = OFF, Oscillator not enabled
   695                           ;	Reset Oscillator Selection
   696                           ;	RSTOSC = HFINTOSC_64MHZ, HFINTOSC with HFFRQ = 64 MHz and CDIV = 1:1
   697  300000                     	org	3145728
   698  300000  8C                 	db	140
   699                           
   700                           ;Config register CONFIG2 @ 0x300001
   701                           ;	Clock out Enable bit
   702                           ;	CLKOUTEN = ON, CLKOUT function is enabled
   703                           ;	PRLOCKED One-Way Set Enable bit
   704                           ;	PR1WAY = ON, PRLOCKED bit can be cleared and set only once
   705                           ;	Clock Switch Enable bit
   706                           ;	CSWEN = ON, Writing to NOSC and NDIV is allowed
   707                           ;	Fail-Safe Clock Monitor Enable bit
   708                           ;	FCMEN = ON, Fail-Safe Clock Monitor enabled
   709  300001                     	org	3145729
   710  300001  FE                 	db	254
   711                           
   712                           ;Config register CONFIG3 @ 0x300002
   713                           ;	MCLR Enable bit
   714                           ;	MCLRE = EXTMCLR, If LVP = 0, MCLR pin is MCLR; If LVP = 1, RE3 pin function is MCLR
   715                           ;	Power-up timer selection bits
   716                           ;	PWRTS = PWRT_OFF, PWRT is disabled
   717                           ;	Multi-vector enable bit
   718                           ;	MVECEN = ON, Multi-vector enabled, Vector table used for interrupts
   719                           ;	IVTLOCK bit One-way set enable bit
   720                           ;	IVT1WAY = ON, IVTLOCKED bit can be cleared and set only once
   721                           ;	Low Power BOR Enable bit
   722                           ;	LPBOREN = OFF, Low-Power BOR disabled
   723                           ;	Brown-out Reset Enable bits
   724                           ;	BOREN = SBORDIS, Brown-out Reset enabled , SBOREN bit is ignored
   725  300002                     	org	3145730
   726  300002  FF                 	db	255
   727                           
   728                           ;Config register CONFIG4 @ 0x300003
   729                           ;	Brown-out Reset Voltage Selection bits
   730                           ;	BORV = VBOR_2P85, Brown-out Reset Voltage (VBOR) set to 2.8V
   731                           ;	ZCD Disable bit
   732                           ;	ZCD = OFF, ZCD module is disabled. ZCD can be enabled by setting the ZCDSEN bit of ZCD
      +                          CON
   733                           ;	PPSLOCK bit One-Way Set Enable bit
   734                           ;	PPS1WAY = ON, PPSLOCKED bit can be cleared and set only once; PPS registers remain loc
      +                          ked after one clear/set cycle
   735                           ;	Stack Full/Underflow Reset Enable bit
   736                           ;	STVREN = ON, Stack full/underflow will cause Reset
   737                           ;	Low Voltage Programming Enable bit
   738                           ;	LVP = ON, Low voltage programming enabled. MCLR/VPP pin function is MCLR. MCLRE config
      +                          uration bit is ignored
   739                           ;	Extended Instruction Set Enable bit
   740                           ;	XINST = OFF, Extended Instruction Set and Indexed Addressing Mode disabled
   741  300003                     	org	3145731
   742  300003  FC                 	db	252
   743                           
   744                           ;Config register CONFIG5 @ 0x300004
   745                           ;	WDT Period selection bits
   746                           ;	WDTCPS = WDTCPS_31, Divider ratio 1:65536; software control of WDTPS
   747                           ;	WDT operating mode
   748                           ;	WDTE = OFF, WDT Disabled; SWDTEN is ignored
   749  300004                     	org	3145732
   750  300004  9F                 	db	159
   751                           
   752                           ;Config register CONFIG6 @ 0x300005
   753                           ;	WDT Window Select bits
   754                           ;	WDTCWS = WDTCWS_7, window always open (100%); software control; keyed access not requi
      +                          red
   755                           ;	WDT input clock selector
   756                           ;	WDTCCS = SC, Software Control
   757  300005                     	org	3145733
   758  300005  FF                 	db	255
   759                           
   760                           ;Config register CONFIG7 @ 0x300006
   761                           ;	Boot Block Size selection bits
   762                           ;	BBSIZE = BBSIZE_512, Boot Block size is 512 words
   763                           ;	Boot Block enable bit
   764                           ;	BBEN = OFF, Boot block disabled
   765                           ;	Storage Area Flash enable bit
   766                           ;	SAFEN = OFF, SAF disabled
   767                           ;	Background Debugger
   768                           ;	DEBUG = OFF, Background Debugger disabled
   769  300006                     	org	3145734
   770  300006  FF                 	db	255
   771                           
   772                           ;Config register CONFIG8 @ 0x300007
   773                           ;	Boot Block Write Protection bit
   774                           ;	WRTB = OFF, Boot Block not Write protected
   775                           ;	Configuration Register Write Protection bit
   776                           ;	WRTC = OFF, Configuration registers not Write protected
   777                           ;	Data EEPROM Write Protection bit
   778                           ;	WRTD = OFF, Data EEPROM not Write protected
   779                           ;	SAF Write protection bit
   780                           ;	WRTSAF = OFF, SAF not Write Protected
   781                           ;	Application Block write protection bit
   782                           ;	WRTAPP = OFF, Application Block not write protected
   783  300007                     	org	3145735
   784  300007  FF                 	db	255
   785                           
   786                           ; Padding undefined space
   787  300008                     	org	3145736
   788  300008  FF                 	db	255
   789                           
   790                           ;Config register CONFIG10 @ 0x300009
   791                           ;	PFM and Data EEPROM Code Protection bit
   792                           ;	CP = OFF, PFM and Data EEPROM code protection disabled
   793  300009                     	org	3145737
   794  300009  FF                 	db	255
   795                           tosu	equ	0x4FF
   796                           tosh	equ	0x4FE
   797                           tosl	equ	0x4FD
   798                           stkptr	equ	0x4FC
   799                           pclatu	equ	0x4FB
   800                           pclath	equ	0x4FA
   801                           pcl	equ	0x4F9
   802                           tblptru	equ	0x4F8
   803                           tblptrh	equ	0x4F7
   804                           tblptrl	equ	0x4F6
   805                           tablat	equ	0x4F5
   806                           prodh	equ	0x4F4
   807                           prodl	equ	0x4F3
   808                           indf0	equ	0x4EF
   809                           postinc0	equ	0x4EE
   810                           postdec0	equ	0x4ED
   811                           preinc0	equ	0x4EC
   812                           plusw0	equ	0x4EB
   813                           fsr0h	equ	0x4EA
   814                           fsr0l	equ	0x4E9
   815                           wreg	equ	0x4E8
   816                           indf1	equ	0x4E7
   817                           postinc1	equ	0x4E6
   818                           postdec1	equ	0x4E5
   819                           preinc1	equ	0x4E4
   820                           plusw1	equ	0x4E3
   821                           fsr1h	equ	0x4E2
   822                           fsr1l	equ	0x4E1
   823                           bsr	equ	0x4E0
   824                           indf2	equ	0x4DF
   825                           postinc2	equ	0x4DE
   826                           postdec2	equ	0x4DD
   827                           preinc2	equ	0x4DC
   828                           plusw2	equ	0x4DB
   829                           fsr2h	equ	0x4DA
   830                           fsr2l	equ	0x4D9
   831                           status	equ	0x4D8

Data Sizes:
    Strings     0
    Constant    0
    Data        0
    BSS         13
    Persistent  0
    Stack       0

Auto Spaces:
    Space          Size  Autos    Used
    COMRAM           95      8      21
    BANK5           160      0       0
    BANK6           256      0       0
    BANK7           256      0       0
    BANK8           256      0       0
    BANK9           256      0       0
    BANK10          256      0       0
    BANK11          256      0       0
    BANK12          256      0       0
    BANK13          256      0       0
    BANK14          256      0       0
    BANK15          256      0       0
    BANK16          256      0       0
    BANK17          256      0       0
    BANK18          256      0       0
    BANK19          256      0       0
    BANK20          256      0       0
    BANK21          256      0       0
    BANK22          256      0       0
    BANK23          256      0       0
    BANK24          256      0       0
    BANK25          256      0       0
    BANK26          256      0       0
    BANK27          256      0       0
    BANK28          256      0       0
    BANK29          256      0       0
    BANK30          256      0       0
    BANK31          256      0       0
    BANK32          256      0       0
    BANK33          256      0       0
    BANK34          256      0       0
    BANK35          256      0       0
    BANK36          256      0       0
    BANK37          256      0       0

Pointer List with Targets:

    None.

Critical Paths under _main in COMRAM

    _main->_UserAppRun

Critical Paths under _main in BANK5

    None.

Critical Paths under _main in BANK6

    None.

Critical Paths under _main in BANK7

    None.

Critical Paths under _main in BANK8

    None.

Critical Paths under _main in BANK9

    None.

Critical Paths under _main in BANK10

    None.

Critical Paths under _main in BANK11

    None.

Critical Paths under _main in BANK12

    None.

Critical Paths under _main in BANK13

    None.

Critical Paths under _main in BANK14

    None.

Critical Paths under _main in BANK15

    None.

Critical Paths under _main in BANK16

    None.

Critical Paths under _main in BANK17

    None.

Critical Paths under _main in BANK18

    None.

Critical Paths under _main in BANK19

    None.

Critical Paths under _main in BANK20

    None.

Critical Paths under _main in BANK21

    None.

Critical Paths under _main in BANK22

    None.

Critical Paths under _main in BANK23

    None.

Critical Paths under _main in BANK24

    None.

Critical Paths under _main in BANK25

    None.

Critical Paths under _main in BANK26

    None.

Critical Paths under _main in BANK27

    None.

Critical Paths under _main in BANK28

    None.

Critical Paths under _main in BANK29

    None.

Critical Paths under _main in BANK30

    None.

Critical Paths under _main in BANK31

    None.

Critical Paths under _main in BANK32

    None.

Critical Paths under _main in BANK33

    None.

Critical Paths under _main in BANK34

    None.

Critical Paths under _main in BANK35

    None.

Critical Paths under _main in BANK36

    None.

Critical Paths under _main in BANK37

    None.

Call Graph Tables:

 ---------------------------------------------------------------------------------
 (Depth) Function   	        Calls       Base Space   Used Autos Params    Refs
 ---------------------------------------------------------------------------------
 (0) _main                                                 0     0      0     255
                         _ClockSetup
                          _GpioSetup
                       _SysTickSetup
                        _SystemSleep
                  _UserAppInitialize
                         _UserAppRun
 ---------------------------------------------------------------------------------
 (1) _UserAppRun                                           8     8      0     255
                                              0 COMRAM     8     8      0
 ---------------------------------------------------------------------------------
 (1) _UserAppInitialize                                    0     0      0       0
 ---------------------------------------------------------------------------------
 (1) _SystemSleep                                          0     0      0       0
 ---------------------------------------------------------------------------------
 (1) _SysTickSetup                                         0     0      0       0
 ---------------------------------------------------------------------------------
 (1) _GpioSetup                                            0     0      0       0
 ---------------------------------------------------------------------------------
 (1) _ClockSetup                                           0     0      0       0
 ---------------------------------------------------------------------------------
 Estimated maximum stack depth 1
 ---------------------------------------------------------------------------------

 Call Graph Graphs:

 _main (ROOT)
   _ClockSetup
   _GpioSetup
   _SysTickSetup
   _SystemSleep
   _UserAppInitialize
   _UserAppRun

 Address spaces:
Name               Size   Autos  Total    Cost      Usage
BIGRAM            20FF      0       0      71        0.0%
EEDATA             400      0       0       0        0.0%
BITBANK37          100      0       0      70        0.0%
BANK37             100      0       0      68        0.0%
BITBANK36          100      0       0      66        0.0%
BANK36             100      0       0      67        0.0%
BITBANK35          100      0       0      64        0.0%
BANK35             100      0       0      65        0.0%
BITBANK34          100      0       0      62        0.0%
BANK34             100      0       0      63        0.0%
BITBANK33          100      0       0      60        0.0%
BANK33             100      0       0      61        0.0%
BITBANK32          100      0       0      58        0.0%
BANK32             100      0       0      59        0.0%
BITBANK31          100      0       0      56        0.0%
BANK31             100      0       0      57        0.0%
BITBANK30          100      0       0      54        0.0%
BANK30             100      0       0      55        0.0%
BITBANK29          100      0       0      52        0.0%
BANK29             100      0       0      53        0.0%
BITBANK28          100      0       0      50        0.0%
BANK28             100      0       0      51        0.0%
BITBANK27          100      0       0      48        0.0%
BANK27             100      0       0      49        0.0%
BITBANK26          100      0       0      46        0.0%
BANK26             100      0       0      47        0.0%
BITBANK25          100      0       0      44        0.0%
BANK25             100      0       0      45        0.0%
BITBANK24          100      0       0      42        0.0%
BANK24             100      0       0      43        0.0%
BITBANK23          100      0       0      40        0.0%
BANK23             100      0       0      41        0.0%
BITBANK22          100      0       0      38        0.0%
BANK22             100      0       0      39        0.0%
BITBANK21          100      0       0      36        0.0%
BANK21             100      0       0      37        0.0%
BITBANK20          100      0       0      34        0.0%
BANK20             100      0       0      35        0.0%
BITBANK19          100      0       0      32        0.0%
BANK19             100      0       0      33        0.0%
BITBANK18          100      0       0      30        0.0%
BANK18             100      0       0      31        0.0%
BITBANK17          100      0       0      28        0.0%
BANK17             100      0       0      29        0.0%
BITBANK16          100      0       0      26        0.0%
BANK16             100      0       0      27        0.0%
BITBANK15          100      0       0      24        0.0%
BANK15             100      0       0      25        0.0%
BITBANK14          100      0       0      22        0.0%
BANK14             100      0       0      23        0.0%
BITBANK13          100      0       0      20        0.0%
BANK13             100      0       0      21        0.0%
BITBANK12          100      0       0      18        0.0%
BANK12             100      0       0      19        0.0%
BITBANK11          100      0       0      16        0.0%
BANK11             100      0       0      17        0.0%
BITBANK10          100      0       0      14        0.0%
BANK10             100      0       0      15        0.0%
BITBANK9           100      0       0      12        0.0%
BANK9              100      0       0      13        0.0%
BITBANK8           100      0       0      10        0.0%
BANK8              100      0       0      11        0.0%
BITBANK7           100      0       0       8        0.0%
BANK7              100      0       0       9        0.0%
BITBANK6           100      0       0       6        0.0%
BANK6              100      0       0       7        0.0%
BITBANK5            A0      0       0       4        0.0%
BANK5               A0      0       0       5        0.0%
BITCOMRAM           5F      0       0       0        0.0%
COMRAM              5F      8      15       1       22.1%
BITSFR_5             0      0       0     200        0.0%
SFR_5                0      0       0     200        0.0%
BITSFR_4             0      0       0     200        0.0%
SFR_4                0      0       0     200        0.0%
BITSFR_3             0      0       0     200        0.0%
SFR_3                0      0       0     200        0.0%
BITSFR_2             0      0       0     200        0.0%
SFR_2                0      0       0     200        0.0%
BITSFR_1             0      0       0     200        0.0%
SFR_1                0      0       0     200        0.0%
BITSFR               0      0       0     200        0.0%
SFR                  0      0       0     200        0.0%
STACK                0      0       0       2        0.0%
NULL                 0      0       0       0        0.0%
ABS                  0      0      15      69        0.0%
DATA                 0      0      15       3        0.0%
CODE                 0      0       0       0        0.0%


Microchip Technology PIC18 Macro Assembler V2.31 build 20201012212115 
Symbol Table                                                                                   Thu Mar 11 00:15:42 2021

     __size_of_SysTickSetup 0022                          l13 FEC2                          l22 FEC4  
                        l16 FED6                          l19 FF0A                          l60 FF82  
                        l61 FF9A                          l55 FEC6                          l65 FFE4  
                        l68 FFFA                          u10 FF82                          u11 FF7E  
                        u20 FFB0                          u21 FFAC                          u30 FFC2  
                        u31 FFBE                          u40 FFFA                          u41 FFF6  
                       l800 FF22                         l750 FF3E                         l744 FEC8  
                       l760 FF62                         l752 FF44                         l770 FFDA  
                       l762 FF72                         l754 FF48                         l764 FF90  
                       l756 FF58                         l748 FF2E                         l766 FFB0  
                       l758 FF5E                         l790 FF0E                         l768 FFC2  
                       l792 FF12                         l786 FEEA                         l794 FF16  
                       l796 FF1A                         l788 FF0C                         l798 FF1E  
                       wreg 0004E8                        _LATA 0004BE                        _main FF0C  
              _SysTickSetup FEEA                        start FFFC        __size_of_SystemSleep 0002  
              ___param_bank 000000                  _ClockSetup FEC2                       ?_main 050E  
                     _TRISA 0004C6                       status 0004D8             __initialization FED8  
              __end_of_main FF2E                      ??_main 0516               __activetblptr 000000  
                    _ANSELA 000400          __size_of_GpioSetup 0010                 ?_ClockSetup 050E  
                    clear_0 FEDE                  _UserAppRun FF2E                  __accesstop 0560  
   __end_of__initialization FEE4               ___rparam_used 000001            _G_u8UserAppFlags 050D  
            __pcstackCOMRAM 050E           __end_of_GpioSetup FED8         __size_of_ClockSetup 0002  
               ?_UserAppRun 050E               ??_SystemSleep 050E                     __Hparam 0000  
                   __Lparam 0000                     __pcinit FED8                     __ramtop 2600  
                   __ptext0 FF0C                     __ptext1 FF2E                     __ptext2 FEC6  
                   __ptext3 FEC4                     __ptext4 FEEA                     __ptext5 FEC8  
                   __ptext6 FEC2             UserAppRun@u8Inc 0514             UserAppRun@u8Sum 0512  
      end_of_initialization FEE4            _G_u32SystemFlags 0501                     postinc0 0004EE  
       __end_of_SystemSleep FEC6                ??_ClockSetup 050E         __size_of_UserAppRun 00CE  
      UserAppRun@u32Counter 050E          __end_of_ClockSetup FEC4                   _GpioSetup FEC8  
       start_initialization FED8               ?_SysTickSetup 050E                 _SystemSleep FEC4  
                ?_GpioSetup 050E                 __pbssCOMRAM 0501           _UserAppInitialize FEC6  
              ??_UserAppRun 050E          ?_UserAppInitialize 050E              ??_SysTickSetup 050E  
       ??_UserAppInitialize 050E          __end_of_UserAppRun FFFC   __end_of_UserAppInitialize FEC8  
         UserAppRun@u8Carry 0513                 ??_GpioSetup 050E                    __Hrparam 0000  
                  __Lrparam 0000        __end_of_SysTickSetup FF0C  __size_of_UserAppInitialize 0002  
          UserAppRun@u8Temp 0515               __size_of_main 0022                ?_SystemSleep 050E  
        _G_u32SystemTime1ms 0509           _G_u32SystemTime1s 0505  
